[2024-05-18 00:19:54] local.ERROR: Undefined variable $a (View: /home/yasminebeautybar/public_html/resources/views/frontend/partials/addToCart.blade.php) {"view":{"view":"/home/yasminebeautybar/public_html/resources/views/frontend/partials/addToCart.blade.php","data":{"errors":"<pre class=sf-dump id=sf-dump-1269491097 data-indent-pad=\"  \"><span class=sf-dump-note>Illuminate\\Support\\ViewErrorBag</span> {<a class=sf-dump-ref>#2874</a><samp data-depth=1 class=sf-dump-expanded>
  #<span class=sf-dump-protected title=\"Protected property\">bags</span>: []
</samp>}
</pre><script>Sfdump(\"sf-dump-1269491097\", {\"maxDepth\":3,\"maxStringLength\":160})</script>
","product":"<pre class=sf-dump id=sf-dump-374574996 data-indent-pad=\"  \"><span class=sf-dump-note>App\\Models\\Product</span> {<a class=sf-dump-ref>#2899</a><samp data-depth=1 class=sf-dump-expanded>
  #<span class=sf-dump-protected title=\"Protected property\">connection</span>: \"<span class=sf-dump-str title=\"5 characters\">mysql</span>\"
  #<span class=sf-dump-protected title=\"Protected property\">table</span>: \"<span class=sf-dump-str title=\"8 characters\">products</span>\"
  #<span class=sf-dump-protected title=\"Protected property\">primaryKey</span>: \"<span class=sf-dump-str title=\"2 characters\">id</span>\"
  #<span class=sf-dump-protected title=\"Protected property\">keyType</span>: \"<span class=sf-dump-str title=\"3 characters\">int</span>\"
  +<span class=sf-dump-public title=\"Public property\">incrementing</span>: <span class=sf-dump-const>true</span>
  #<span class=sf-dump-protected title=\"Protected property\">with</span>: <span class=sf-dump-note>array:2</span> [<samp data-depth=2 class=sf-dump-compact>
    <span class=sf-dump-index>0</span> => \"<span class=sf-dump-str title=\"20 characters\">product_translations</span>\"
    <span class=sf-dump-index>1</span> => \"<span class=sf-dump-str title=\"5 characters\">taxes</span>\"
  </samp>]
  #<span class=sf-dump-protected title=\"Protected property\">withCount</span>: []
  +<span class=sf-dump-public title=\"Public property\">preventsLazyLoading</span>: <span class=sf-dump-const>false</span>
  #<span class=sf-dump-protected title=\"Protected property\">perPage</span>: <span class=sf-dump-num>15</span>
  +<span class=sf-dump-public title=\"Public property\">exists</span>: <span class=sf-dump-const>true</span>
  +<span class=sf-dump-public title=\"Public property\">wasRecentlyCreated</span>: <span class=sf-dump-const>false</span>
  #<span class=sf-dump-protected title=\"Protected property\">escapeWhenCastingToString</span>: <span class=sf-dump-const>false</span>
  #<span class=sf-dump-protected title=\"Protected property\">attributes</span>: <span class=sf-dump-note>array:62</span> [<samp data-depth=2 class=sf-dump-compact>
    \"<span class=sf-dump-key>id</span>\" => <span class=sf-dump-num>1053</span>
    \"<span class=sf-dump-key>name</span>\" => \"<span class=sf-dump-str title=\"33 characters\">Anua Heartleaf 77% Soothing Toner</span>\"
    \"<span class=sf-dump-key>added_by</span>\" => \"<span class=sf-dump-str title=\"5 characters\">admin</span>\"
    \"<span class=sf-dump-key>user_id</span>\" => <span class=sf-dump-num>9</span>
    \"<span class=sf-dump-key>category_id</span>\" => <span class=sf-dump-num>10</span>
    \"<span class=sf-dump-key>brand_id</span>\" => <span class=sf-dump-num>283</span>
    \"<span class=sf-dump-key>photos</span>\" => \"<span class=sf-dump-str title=\"14 characters\">2647,2651,2646</span>\"
    \"<span class=sf-dump-key>thumbnail_img</span>\" => \"<span class=sf-dump-str title=\"4 characters\">2647</span>\"
    \"<span class=sf-dump-key>video_provider</span>\" => \"<span class=sf-dump-str title=\"7 characters\">youtube</span>\"
    \"<span class=sf-dump-key>video_link</span>\" => <span class=sf-dump-const>null</span>
    \"<span class=sf-dump-key>tags</span>\" => \"\"
    \"<span class=sf-dump-key>description</span>\" => \"\"\"
      <span class=sf-dump-str title=\"420 characters\">&lt;section&gt;&lt;div&gt;Highly moisturizing, this toner is infused with 77% <span class=\"sf-dump-default sf-dump-ns\">\\r\\n</span></span>
      <span class=sf-dump-str title=\"420 characters\">houttuynia cordata extract along with eleven other EWG green-graded <span class=\"sf-dump-default sf-dump-ns\">\\r\\n</span></span>
      <span class=sf-dump-str title=\"420 characters\">ingredients to soothe and protect sensitive skin. Its mildly acidic pH <span class=\"sf-dump-default sf-dump-ns\">\\r\\n</span></span>
      <span class=sf-dump-str title=\"420 characters\">also helps regulate skin&#8217;s oil-moisture levels.&lt;/div&gt;&lt;div&gt;&lt;br&gt;&lt;/div&gt;&lt;div&gt;How to use:<span class=\"sf-dump-default sf-dump-ns\">\\r\\n</span></span>
      <span class=sf-dump-str title=\"420 characters\">&lt;p&gt;&lt;/p&gt;After cleansing, apply a moderate amount over the face and pat lightly for better absorption.&lt;/div&gt;&lt;/section&gt;&lt;p&gt;&lt;/p&gt;</span>
      \"\"\"
    \"<span class=sf-dump-key>unit_price</span>\" => <span class=sf-dump-num>1580.0</span>
    \"<span class=sf-dump-key>purchase_price</span>\" => <span class=sf-dump-const>null</span>
    \"<span class=sf-dump-key>variant_product</span>\" => <span class=sf-dump-num>1</span>
    \"<span class=sf-dump-key>attributes</span>\" => \"<span class=sf-dump-str title=\"5 characters\">[&quot;1&quot;]</span>\"
    \"<span class=sf-dump-key>choice_options</span>\" => \"<span class=sf-dump-str title=\"49 characters\">[{&quot;attribute_id&quot;:&quot;1&quot;,&quot;values&quot;:[&quot;250 ml&quot;,&quot;40 G&quot;]}]</span>\"
    \"<span class=sf-dump-key>colors</span>\" => \"<span class=sf-dump-str title=\"2 characters\">[]</span>\"
    \"<span class=sf-dump-key>variations</span>\" => <span class=sf-dump-const>null</span>
    \"<span class=sf-dump-key>todays_deal</span>\" => <span class=sf-dump-num>0</span>
    \"<span class=sf-dump-key>published</span>\" => <span class=sf-dump-num>1</span>
    \"<span class=sf-dump-key>approved</span>\" => <span class=sf-dump-num>1</span>
    \"<span class=sf-dump-key>stock_visibility_state</span>\" => \"<span class=sf-dump-str title=\"7 characters\">textqty</span>\"
    \"<span class=sf-dump-key>cash_on_delivery</span>\" => <span class=sf-dump-num>1</span>
    \"<span class=sf-dump-key>featured</span>\" => <span class=sf-dump-num>1</span>
    \"<span class=sf-dump-key>seller_featured</span>\" => <span class=sf-dump-num>0</span>
    \"<span class=sf-dump-key>current_stock</span>\" => <span class=sf-dump-num>7</span>
    \"<span class=sf-dump-key>unit</span>\" => \"<span class=sf-dump-str title=\"2 characters\">ml</span>\"
    \"<span class=sf-dump-key>weight</span>\" => <span class=sf-dump-num>250.0</span>
    \"<span class=sf-dump-key>min_qty</span>\" => <span class=sf-dump-num>1</span>
    \"<span class=sf-dump-key>low_stock_quantity</span>\" => <span class=sf-dump-num>5</span>
    \"<span class=sf-dump-key>discount</span>\" => <span class=sf-dump-num>0.0</span>
    \"<span class=sf-dump-key>product_Lable</span>\" => \"<span class=sf-dump-str>0</span>\"
    \"<span class=sf-dump-key>discount_type</span>\" => \"<span class=sf-dump-str title=\"6 characters\">amount</span>\"
    \"<span class=sf-dump-key>discount_start_date</span>\" => <span class=sf-dump-const>null</span>
    \"<span class=sf-dump-key>discount_end_date</span>\" => <span class=sf-dump-const>null</span>
    \"<span class=sf-dump-key>tax</span>\" => <span class=sf-dump-const>null</span>
    \"<span class=sf-dump-key>tax_type</span>\" => <span class=sf-dump-const>null</span>
    \"<span class=sf-dump-key>shipping_type</span>\" => \"<span class=sf-dump-str title=\"9 characters\">flat_rate</span>\"
    \"<span class=sf-dump-key>shipping_cost</span>\" => <span class=sf-dump-num>0.0</span>
    \"<span class=sf-dump-key>is_quantity_multiplied</span>\" => <span class=sf-dump-num>0</span>
    \"<span class=sf-dump-key>est_shipping_days</span>\" => <span class=sf-dump-const>null</span>
    \"<span class=sf-dump-key>num_of_sale</span>\" => <span class=sf-dump-num>96</span>
    \"<span class=sf-dump-key>meta_title</span>\" => \"<span class=sf-dump-str title=\"33 characters\">Anua Heartleaf 77% Soothing Toner</span>\"
    \"<span class=sf-dump-key>meta_description</span>\" => \"\"\"
      <span class=sf-dump-str title=\"350 characters\">Highly moisturizing, this toner is infused with 77% <span class=\"sf-dump-default sf-dump-ns\">\\r\\n</span></span>
      <span class=sf-dump-str title=\"350 characters\">houttuynia cordata extract along with eleven other EWG green-graded <span class=\"sf-dump-default sf-dump-ns\">\\r\\n</span></span>
      <span class=sf-dump-str title=\"350 characters\">ingredients to soothe and protect sensitive skin. Its mildly acidic pH <span class=\"sf-dump-default sf-dump-ns\">\\r\\n</span></span>
      <span class=sf-dump-str title=\"350 characters\">also helps regulate skin&#8217;s oil-moisture levels.How to use:<span class=\"sf-dump-default sf-dump-ns\">\\r\\n</span></span>
      <span class=sf-dump-str title=\"350 characters\">After cleansing, apply a moderate amount over the face and pat lightly for better absorption.</span>
      \"\"\"
    \"<span class=sf-dump-key>meta_img</span>\" => \"<span class=sf-dump-str title=\"4 characters\">2647</span>\"
    \"<span class=sf-dump-key>pdf</span>\" => <span class=sf-dump-const>null</span>
    \"<span class=sf-dump-key>slug</span>\" => \"<span class=sf-dump-str title=\"32 characters\">anua-heartleaf-77-soothing-toner</span>\"
    \"<span class=sf-dump-key>earn_point</span>\" => <span class=sf-dump-num>158.0</span>
    \"<span class=sf-dump-key>review_point</span>\" => <span class=sf-dump-num>0.0</span>
    \"<span class=sf-dump-key>review_point_image</span>\" => <span class=sf-dump-num>0.0</span>
    \"<span class=sf-dump-key>rating</span>\" => <span class=sf-dump-num>0.0</span>
    \"<span class=sf-dump-key>barcode</span>\" => <span class=sf-dump-const>null</span>
    \"<span class=sf-dump-key>digital</span>\" => <span class=sf-dump-num>0</span>
    \"<span class=sf-dump-key>auction_product</span>\" => <span class=sf-dump-num>0</span>
    \"<span class=sf-dump-key>file_name</span>\" => <span class=sf-dump-const>null</span>
    \"<span class=sf-dump-key>file_path</span>\" => <span class=sf-dump-const>null</span>
    \"<span class=sf-dump-key>external_link</span>\" => <span class=sf-dump-const>null</span>
    \"<span class=sf-dump-key>external_link_btn</span>\" => <span class=sf-dump-const>null</span>
    \"<span class=sf-dump-key>wholesale_product</span>\" => <span class=sf-dump-num>0</span>
    \"<span class=sf-dump-key>created_at</span>\" => \"<span class=sf-dump-str title=\"19 characters\">2023-12-09 13:15:17</span>\"
    \"<span class=sf-dump-key>updated_at</span>\" => \"<span class=sf-dump-str title=\"19 characters\">2024-05-17 22:18:00</span>\"
  </samp>]
  #<span class=sf-dump-protected title=\"Protected property\">original</span>: <span class=sf-dump-note>array:62</span> [<samp data-depth=2 class=sf-dump-compact>
    \"<span class=sf-dump-key>id</span>\" => <span class=sf-dump-num>1053</span>
    \"<span class=sf-dump-key>name</span>\" => \"<span class=sf-dump-str title=\"33 characters\">Anua Heartleaf 77% Soothing Toner</span>\"
    \"<span class=sf-dump-key>added_by</span>\" => \"<span class=sf-dump-str title=\"5 characters\">admin</span>\"
    \"<span class=sf-dump-key>user_id</span>\" => <span class=sf-dump-num>9</span>
    \"<span class=sf-dump-key>category_id</span>\" => <span class=sf-dump-num>10</span>
    \"<span class=sf-dump-key>brand_id</span>\" => <span class=sf-dump-num>283</span>
    \"<span class=sf-dump-key>photos</span>\" => \"<span class=sf-dump-str title=\"14 characters\">2647,2651,2646</span>\"
    \"<span class=sf-dump-key>thumbnail_img</span>\" => \"<span class=sf-dump-str title=\"4 characters\">2647</span>\"
    \"<span class=sf-dump-key>video_provider</span>\" => \"<span class=sf-dump-str title=\"7 characters\">youtube</span>\"
    \"<span class=sf-dump-key>video_link</span>\" => <span class=sf-dump-const>null</span>
    \"<span class=sf-dump-key>tags</span>\" => \"\"
    \"<span class=sf-dump-key>description</span>\" => \"\"\"
      <span class=sf-dump-str title=\"420 characters\">&lt;section&gt;&lt;div&gt;Highly moisturizing, this toner is infused with 77% <span class=\"sf-dump-default sf-dump-ns\">\\r\\n</span></span>
      <span class=sf-dump-str title=\"420 characters\">houttuynia cordata extract along with eleven other EWG green-graded <span class=\"sf-dump-default sf-dump-ns\">\\r\\n</span></span>
      <span class=sf-dump-str title=\"420 characters\">ingredients to soothe and protect sensitive skin. Its mildly acidic pH <span class=\"sf-dump-default sf-dump-ns\">\\r\\n</span></span>
      <span class=sf-dump-str title=\"420 characters\">also helps regulate skin&#8217;s oil-moisture levels.&lt;/div&gt;&lt;div&gt;&lt;br&gt;&lt;/div&gt;&lt;div&gt;How to use:<span class=\"sf-dump-default sf-dump-ns\">\\r\\n</span></span>
      <span class=sf-dump-str title=\"420 characters\">&lt;p&gt;&lt;/p&gt;After cleansing, apply a moderate amount over the face and pat lightly for better absorption.&lt;/div&gt;&lt;/section&gt;&lt;p&gt;&lt;/p&gt;</span>
      \"\"\"
    \"<span class=sf-dump-key>unit_price</span>\" => <span class=sf-dump-num>1580.0</span>
    \"<span class=sf-dump-key>purchase_price</span>\" => <span class=sf-dump-const>null</span>
    \"<span class=sf-dump-key>variant_product</span>\" => <span class=sf-dump-num>1</span>
    \"<span class=sf-dump-key>attributes</span>\" => \"<span class=sf-dump-str title=\"5 characters\">[&quot;1&quot;]</span>\"
    \"<span class=sf-dump-key>choice_options</span>\" => \"<span class=sf-dump-str title=\"49 characters\">[{&quot;attribute_id&quot;:&quot;1&quot;,&quot;values&quot;:[&quot;250 ml&quot;,&quot;40 G&quot;]}]</span>\"
    \"<span class=sf-dump-key>colors</span>\" => \"<span class=sf-dump-str title=\"2 characters\">[]</span>\"
    \"<span class=sf-dump-key>variations</span>\" => <span class=sf-dump-const>null</span>
    \"<span class=sf-dump-key>todays_deal</span>\" => <span class=sf-dump-num>0</span>
    \"<span class=sf-dump-key>published</span>\" => <span class=sf-dump-num>1</span>
    \"<span class=sf-dump-key>approved</span>\" => <span class=sf-dump-num>1</span>
    \"<span class=sf-dump-key>stock_visibility_state</span>\" => \"<span class=sf-dump-str title=\"7 characters\">textqty</span>\"
    \"<span class=sf-dump-key>cash_on_delivery</span>\" => <span class=sf-dump-num>1</span>
    \"<span class=sf-dump-key>featured</span>\" => <span class=sf-dump-num>1</span>
    \"<span class=sf-dump-key>seller_featured</span>\" => <span class=sf-dump-num>0</span>
    \"<span class=sf-dump-key>current_stock</span>\" => <span class=sf-dump-num>7</span>
    \"<span class=sf-dump-key>unit</span>\" => \"<span class=sf-dump-str title=\"2 characters\">ml</span>\"
    \"<span class=sf-dump-key>weight</span>\" => <span class=sf-dump-num>250.0</span>
    \"<span class=sf-dump-key>min_qty</span>\" => <span class=sf-dump-num>1</span>
    \"<span class=sf-dump-key>low_stock_quantity</span>\" => <span class=sf-dump-num>5</span>
    \"<span class=sf-dump-key>discount</span>\" => <span class=sf-dump-num>0.0</span>
    \"<span class=sf-dump-key>product_Lable</span>\" => \"<span class=sf-dump-str>0</span>\"
    \"<span class=sf-dump-key>discount_type</span>\" => \"<span class=sf-dump-str title=\"6 characters\">amount</span>\"
    \"<span class=sf-dump-key>discount_start_date</span>\" => <span class=sf-dump-const>null</span>
    \"<span class=sf-dump-key>discount_end_date</span>\" => <span class=sf-dump-const>null</span>
    \"<span class=sf-dump-key>tax</span>\" => <span class=sf-dump-const>null</span>
    \"<span class=sf-dump-key>tax_type</span>\" => <span class=sf-dump-const>null</span>
    \"<span class=sf-dump-key>shipping_type</span>\" => \"<span class=sf-dump-str title=\"9 characters\">flat_rate</span>\"
    \"<span class=sf-dump-key>shipping_cost</span>\" => <span class=sf-dump-num>0.0</span>
    \"<span class=sf-dump-key>is_quantity_multiplied</span>\" => <span class=sf-dump-num>0</span>
    \"<span class=sf-dump-key>est_shipping_days</span>\" => <span class=sf-dump-const>null</span>
    \"<span class=sf-dump-key>num_of_sale</span>\" => <span class=sf-dump-num>96</span>
    \"<span class=sf-dump-key>meta_title</span>\" => \"<span class=sf-dump-str title=\"33 characters\">Anua Heartleaf 77% Soothing Toner</span>\"
    \"<span class=sf-dump-key>meta_description</span>\" => \"\"\"
      <span class=sf-dump-str title=\"350 characters\">Highly moisturizing, this toner is infused with 77% <span class=\"sf-dump-default sf-dump-ns\">\\r\\n</span></span>
      <span class=sf-dump-str title=\"350 characters\">houttuynia cordata extract along with eleven other EWG green-graded <span class=\"sf-dump-default sf-dump-ns\">\\r\\n</span></span>
      <span class=sf-dump-str title=\"350 characters\">ingredients to soothe and protect sensitive skin. Its mildly acidic pH <span class=\"sf-dump-default sf-dump-ns\">\\r\\n</span></span>
      <span class=sf-dump-str title=\"350 characters\">also helps regulate skin&#8217;s oil-moisture levels.How to use:<span class=\"sf-dump-default sf-dump-ns\">\\r\\n</span></span>
      <span class=sf-dump-str title=\"350 characters\">After cleansing, apply a moderate amount over the face and pat lightly for better absorption.</span>
      \"\"\"
    \"<span class=sf-dump-key>meta_img</span>\" => \"<span class=sf-dump-str title=\"4 characters\">2647</span>\"
    \"<span class=sf-dump-key>pdf</span>\" => <span class=sf-dump-const>null</span>
    \"<span class=sf-dump-key>slug</span>\" => \"<span class=sf-dump-str title=\"32 characters\">anua-heartleaf-77-soothing-toner</span>\"
    \"<span class=sf-dump-key>earn_point</span>\" => <span class=sf-dump-num>158.0</span>
    \"<span class=sf-dump-key>review_point</span>\" => <span class=sf-dump-num>0.0</span>
    \"<span class=sf-dump-key>review_point_image</span>\" => <span class=sf-dump-num>0.0</span>
    \"<span class=sf-dump-key>rating</span>\" => <span class=sf-dump-num>0.0</span>
    \"<span class=sf-dump-key>barcode</span>\" => <span class=sf-dump-const>null</span>
    \"<span class=sf-dump-key>digital</span>\" => <span class=sf-dump-num>0</span>
    \"<span class=sf-dump-key>auction_product</span>\" => <span class=sf-dump-num>0</span>
    \"<span class=sf-dump-key>file_name</span>\" => <span class=sf-dump-const>null</span>
    \"<span class=sf-dump-key>file_path</span>\" => <span class=sf-dump-const>null</span>
    \"<span class=sf-dump-key>external_link</span>\" => <span class=sf-dump-const>null</span>
    \"<span class=sf-dump-key>external_link_btn</span>\" => <span class=sf-dump-const>null</span>
    \"<span class=sf-dump-key>wholesale_product</span>\" => <span class=sf-dump-num>0</span>
    \"<span class=sf-dump-key>created_at</span>\" => \"<span class=sf-dump-str title=\"19 characters\">2023-12-09 13:15:17</span>\"
    \"<span class=sf-dump-key>updated_at</span>\" => \"<span class=sf-dump-str title=\"19 characters\">2024-05-17 22:18:00</span>\"
  </samp>]
  #<span class=sf-dump-protected title=\"Protected property\">changes</span>: []
  #<span class=sf-dump-protected title=\"Protected property\">casts</span>: []
  #<span class=sf-dump-protected title=\"Protected property\">classCastCache</span>: []
  #<span class=sf-dump-protected title=\"Protected property\">attributeCastCache</span>: []
  #<span class=sf-dump-protected title=\"Protected property\">dates</span>: []
  #<span class=sf-dump-protected title=\"Protected property\">dateFormat</span>: <span class=sf-dump-const>null</span>
  #<span class=sf-dump-protected title=\"Protected property\">appends</span>: []
  #<span class=sf-dump-protected title=\"Protected property\">dispatchesEvents</span>: []
  #<span class=sf-dump-protected title=\"Protected property\">observables</span>: []
  #<span class=sf-dump-protected title=\"Protected property\">relations</span>: <span class=sf-dump-note>array:3</span> [<samp data-depth=2 class=sf-dump-compact>
    \"<span class=sf-dump-key>product_translations</span>\" => <span class=sf-dump-note title=\"Illuminate\\Database\\Eloquent\\Collection
\"><span class=\"sf-dump-ellipsis sf-dump-ellipsis-note\">Illuminate\\Database\\Eloquent</span><span class=\"sf-dump-ellipsis sf-dump-ellipsis-note\">\\</span>Collection</span> {<a class=sf-dump-ref>#2901</a><samp data-depth=3 class=sf-dump-compact>
      #<span class=sf-dump-protected title=\"Protected property\">items</span>: <span class=sf-dump-note>array:2</span> [ &#8230;2]
      #<span class=sf-dump-protected title=\"Protected property\">escapeWhenCastingToString</span>: <span class=sf-dump-const>false</span>
    </samp>}
    \"<span class=sf-dump-key>taxes</span>\" => <span class=sf-dump-note title=\"Illuminate\\Database\\Eloquent\\Collection
\"><span class=\"sf-dump-ellipsis sf-dump-ellipsis-note\">Illuminate\\Database\\Eloquent</span><span class=\"sf-dump-ellipsis sf-dump-ellipsis-note\">\\</span>Collection</span> {<a class=sf-dump-ref>#2910</a><samp data-depth=3 class=sf-dump-compact>
      #<span class=sf-dump-protected title=\"Protected property\">items</span>: <span class=sf-dump-note>array:1</span> [ &#8230;1]
      #<span class=sf-dump-protected title=\"Protected property\">escapeWhenCastingToString</span>: <span class=sf-dump-const>false</span>
    </samp>}
    \"<span class=sf-dump-key>stocks</span>\" => <span class=sf-dump-note title=\"Illuminate\\Database\\Eloquent\\Collection
\"><span class=\"sf-dump-ellipsis sf-dump-ellipsis-note\">Illuminate\\Database\\Eloquent</span><span class=\"sf-dump-ellipsis sf-dump-ellipsis-note\">\\</span>Collection</span> {<a class=sf-dump-ref>#2893</a><samp data-depth=3 class=sf-dump-compact>
      #<span class=sf-dump-protected title=\"Protected property\">items</span>: <span class=sf-dump-note>array:2</span> [ &#8230;2]
      #<span class=sf-dump-protected title=\"Protected property\">escapeWhenCastingToString</span>: <span class=sf-dump-const>false</span>
    </samp>}
  </samp>]
  #<span class=sf-dump-protected title=\"Protected property\">touches</span>: []
  +<span class=sf-dump-public title=\"Public property\">timestamps</span>: <span class=sf-dump-const>true</span>
  #<span class=sf-dump-protected title=\"Protected property\">hidden</span>: []
  #<span class=sf-dump-protected title=\"Protected property\">visible</span>: []
  #<span class=sf-dump-protected title=\"Protected property\">fillable</span>: []
  #<span class=sf-dump-protected title=\"Protected property\">guarded</span>: <span class=sf-dump-note>array:1</span> [<samp data-depth=2 class=sf-dump-compact>
    <span class=sf-dump-index>0</span> => \"<span class=sf-dump-str title=\"17 characters\">choice_attributes</span>\"
  </samp>]
</samp>}
</pre><script>Sfdump(\"sf-dump-374574996\", {\"maxDepth\":3,\"maxStringLength\":160})</script>
"}},"userId":5629,"exception":"[object] (Facade\\Ignition\\Exceptions\\ViewException(code: 0): Undefined variable $a (View: /home/yasminebeautybar/public_html/resources/views/frontend/partials/addToCart.blade.php) at /home/yasminebeautybar/public_html/resources/views/frontend/partials/addToCart.blade.php:132)
[stacktrace]
#0 /home/yasminebeautybar/public_html/resources/views/frontend/partials/addToCart.blade.php(132): Illuminate\\Foundation\\Bootstrap\\HandleExceptions->handleError(2, 'Undefined varia...', '/home/yasminebe...', 132)
#1 /home/yasminebeautybar/public_html/vendor/laravel/framework/src/Illuminate/Filesystem/Filesystem.php(107): require('/home/yasminebe...')
#2 /home/yasminebeautybar/public_html/vendor/laravel/framework/src/Illuminate/Filesystem/Filesystem.php(108): Illuminate\\Filesystem\\Filesystem::Illuminate\\Filesystem\\{closure}()
#3 /home/yasminebeautybar/public_html/vendor/laravel/framework/src/Illuminate/View/Engines/PhpEngine.php(58): Illuminate\\Filesystem\\Filesystem->getRequire('/home/yasminebe...', Array)
#4 /home/yasminebeautybar/public_html/vendor/laravel/framework/src/Illuminate/View/Engines/CompilerEngine.php(61): Illuminate\\View\\Engines\\PhpEngine->evaluatePath('/home/yasminebe...', Array)
#5 /home/yasminebeautybar/public_html/vendor/facade/ignition/src/Views/Engines/CompilerEngine.php(37): Illuminate\\View\\Engines\\CompilerEngine->get('/home/yasminebe...', Array)
#6 /home/yasminebeautybar/public_html/vendor/laravel/framework/src/Illuminate/View/View.php(139): Facade\\Ignition\\Views\\Engines\\CompilerEngine->get('/home/yasminebe...', Array)
#7 /home/yasminebeautybar/public_html/vendor/laravel/framework/src/Illuminate/View/View.php(122): Illuminate\\View\\View->getContents()
#8 /home/yasminebeautybar/public_html/vendor/laravel/framework/src/Illuminate/View/View.php(91): Illuminate\\View\\View->renderContents()
#9 /home/yasminebeautybar/public_html/vendor/laravel/framework/src/Illuminate/Http/Response.php(69): Illuminate\\View\\View->render()
#10 /home/yasminebeautybar/public_html/vendor/laravel/framework/src/Illuminate/Http/Response.php(35): Illuminate\\Http\\Response->setContent(Object(Illuminate\\View\\View))
#11 /home/yasminebeautybar/public_html/vendor/laravel/framework/src/Illuminate/Routing/Router.php(820): Illuminate\\Http\\Response->__construct(Object(Illuminate\\View\\View), 200, Array)
#12 /home/yasminebeautybar/public_html/vendor/laravel/framework/src/Illuminate/Routing/Router.php(789): Illuminate\\Routing\\Router::toResponse(Object(Illuminate\\Http\\Request), Object(Illuminate\\View\\View))
#13 /home/yasminebeautybar/public_html/vendor/laravel/framework/src/Illuminate/Routing/Router.php(721): Illuminate\\Routing\\Router->prepareResponse(Object(Illuminate\\Http\\Request), Object(Illuminate\\View\\View))
#14 /home/yasminebeautybar/public_html/vendor/laravel/framework/src/Illuminate/Pipeline/Pipeline.php(128): Illuminate\\Routing\\Router->Illuminate\\Routing\\{closure}(Object(Illuminate\\Http\\Request))
#15 /home/yasminebeautybar/public_html/app/Http/Middleware/CheckForMaintenanceMode.php(58): Illuminate\\Pipeline\\Pipeline->Illuminate\\Pipeline\\{closure}(Object(Illuminate\\Http\\Request))
#16 /home/yasminebeautybar/public_html/vendor/laravel/framework/src/Illuminate/Pipeline/Pipeline.php(167): App\\Http\\Middleware\\CheckForMaintenanceMode->handle(Object(Illuminate\\Http\\Request), Object(Closure))
#17 /home/yasminebeautybar/public_html/app/Http/Middleware/HttpsProtocol.php(20): Illuminate\\Pipeline\\Pipeline->Illuminate\\Pipeline\\{closure}(Object(Illuminate\\Http\\Request))
#18 /home/yasminebeautybar/public_html/vendor/laravel/framework/src/Illuminate/Pipeline/Pipeline.php(167): App\\Http\\Middleware\\HttpsProtocol->handle(Object(Illuminate\\Http\\Request), Object(Closure))
#19 /home/yasminebeautybar/public_html/app/Http/Middleware/Language.php(31): Illuminate\\Pipeline\\Pipeline->Illuminate\\Pipeline\\{closure}(Object(Illuminate\\Http\\Request))
#20 /home/yasminebeautybar/public_html/vendor/laravel/framework/src/Illuminate/Pipeline/Pipeline.php(167): App\\Http\\Middleware\\Language->handle(Object(Illuminate\\Http\\Request), Object(Closure))
#21 /home/yasminebeautybar/public_html/vendor/laravel/framework/src/Illuminate/Routing/Middleware/SubstituteBindings.php(50): Illuminate\\Pipeline\\Pipeline->Illuminate\\Pipeline\\{closure}(Object(Illuminate\\Http\\Request))
#22 /home/yasminebeautybar/public_html/vendor/laravel/framework/src/Illuminate/Pipeline/Pipeline.php(167): Illuminate\\Routing\\Middleware\\SubstituteBindings->handle(Object(Illuminate\\Http\\Request), Object(Closure))
#23 /home/yasminebeautybar/public_html/vendor/laravel/framework/src/Illuminate/Foundation/Http/Middleware/VerifyCsrfToken.php(78): Illuminate\\Pipeline\\Pipeline->Illuminate\\Pipeline\\{closure}(Object(Illuminate\\Http\\Request))
#24 /home/yasminebeautybar/public_html/vendor/laravel/framework/src/Illuminate/Pipeline/Pipeline.php(167): Illuminate\\Foundation\\Http\\Middleware\\VerifyCsrfToken->handle(Object(Illuminate\\Http\\Request), Object(Closure))
#25 /home/yasminebeautybar/public_html/vendor/laravel/framework/src/Illuminate/View/Middleware/ShareErrorsFromSession.php(49): Illuminate\\Pipeline\\Pipeline->Illuminate\\Pipeline\\{closure}(Object(Illuminate\\Http\\Request))
#26 /home/yasminebeautybar/public_html/vendor/laravel/framework/src/Illuminate/Pipeline/Pipeline.php(167): Illuminate\\View\\Middleware\\ShareErrorsFromSession->handle(Object(Illuminate\\Http\\Request), Object(Closure))
#27 /home/yasminebeautybar/public_html/vendor/laravel/framework/src/Illuminate/Session/Middleware/StartSession.php(121): Illuminate\\Pipeline\\Pipeline->Illuminate\\Pipeline\\{closure}(Object(Illuminate\\Http\\Request))
#28 /home/yasminebeautybar/public_html/vendor/laravel/framework/src/Illuminate/Session/Middleware/StartSession.php(64): Illuminate\\Session\\Middleware\\StartSession->handleStatefulRequest(Object(Illuminate\\Http\\Request), Object(Illuminate\\Session\\Store), Object(Closure))
#29 /home/yasminebeautybar/public_html/vendor/laravel/framework/src/Illuminate/Pipeline/Pipeline.php(167): Illuminate\\Session\\Middleware\\StartSession->handle(Object(Illuminate\\Http\\Request), Object(Closure))
#30 /home/yasminebeautybar/public_html/vendor/laravel/framework/src/Illuminate/Cookie/Middleware/AddQueuedCookiesToResponse.php(37): Illuminate\\Pipeline\\Pipeline->Illuminate\\Pipeline\\{closure}(Object(Illuminate\\Http\\Request))
#31 /home/yasminebeautybar/public_html/vendor/laravel/framework/src/Illuminate/Pipeline/Pipeline.php(167): Illuminate\\Cookie\\Middleware\\AddQueuedCookiesToResponse->handle(Object(Illuminate\\Http\\Request), Object(Closure))
#32 /home/yasminebeautybar/public_html/vendor/laravel/framework/src/Illuminate/Pipeline/Pipeline.php(103): Illuminate\\Pipeline\\Pipeline->Illuminate\\Pipeline\\{closure}(Object(Illuminate\\Http\\Request))
#33 /home/yasminebeautybar/public_html/vendor/laravel/framework/src/Illuminate/Routing/Router.php(723): Illuminate\\Pipeline\\Pipeline->then(Object(Closure))
#34 /home/yasminebeautybar/public_html/vendor/laravel/framework/src/Illuminate/Routing/Router.php(698): Illuminate\\Routing\\Router->runRouteWithinStack(Object(Illuminate\\Routing\\Route), Object(Illuminate\\Http\\Request))
#35 /home/yasminebeautybar/public_html/vendor/laravel/framework/src/Illuminate/Routing/Router.php(662): Illuminate\\Routing\\Router->runRoute(Object(Illuminate\\Http\\Request), Object(Illuminate\\Routing\\Route))
#36 /home/yasminebeautybar/public_html/vendor/laravel/framework/src/Illuminate/Routing/Router.php(651): Illuminate\\Routing\\Router->dispatchToRoute(Object(Illuminate\\Http\\Request))
#37 /home/yasminebeautybar/public_html/vendor/laravel/framework/src/Illuminate/Foundation/Http/Kernel.php(167): Illuminate\\Routing\\Router->dispatch(Object(Illuminate\\Http\\Request))
#38 /home/yasminebeautybar/public_html/vendor/laravel/framework/src/Illuminate/Pipeline/Pipeline.php(128): Illuminate\\Foundation\\Http\\Kernel->Illuminate\\Foundation\\Http\\{closure}(Object(Illuminate\\Http\\Request))
#39 /home/yasminebeautybar/public_html/vendor/barryvdh/laravel-debugbar/src/Middleware/InjectDebugbar.php(59): Illuminate\\Pipeline\\Pipeline->Illuminate\\Pipeline\\{closure}(Object(Illuminate\\Http\\Request))
#40 /home/yasminebeautybar/public_html/vendor/laravel/framework/src/Illuminate/Pipeline/Pipeline.php(167): Barryvdh\\Debugbar\\Middleware\\InjectDebugbar->handle(Object(Illuminate\\Http\\Request), Object(Closure))
#41 /home/yasminebeautybar/public_html/vendor/fideloper/proxy/src/TrustProxies.php(57): Illuminate\\Pipeline\\Pipeline->Illuminate\\Pipeline\\{closure}(Object(Illuminate\\Http\\Request))
#42 /home/yasminebeautybar/public_html/vendor/laravel/framework/src/Illuminate/Pipeline/Pipeline.php(167): Fideloper\\Proxy\\TrustProxies->handle(Object(Illuminate\\Http\\Request), Object(Closure))
#43 /home/yasminebeautybar/public_html/vendor/laravel/framework/src/Illuminate/Foundation/Http/Middleware/TransformsRequest.php(21): Illuminate\\Pipeline\\Pipeline->Illuminate\\Pipeline\\{closure}(Object(Illuminate\\Http\\Request))
#44 /home/yasminebeautybar/public_html/vendor/laravel/framework/src/Illuminate/Foundation/Http/Middleware/ConvertEmptyStringsToNull.php(31): Illuminate\\Foundation\\Http\\Middleware\\TransformsRequest->handle(Object(Illuminate\\Http\\Request), Object(Closure))
#45 /home/yasminebeautybar/public_html/vendor/laravel/framework/src/Illuminate/Pipeline/Pipeline.php(167): Illuminate\\Foundation\\Http\\Middleware\\ConvertEmptyStringsToNull->handle(Object(Illuminate\\Http\\Request), Object(Closure))
#46 /home/yasminebeautybar/public_html/vendor/laravel/framework/src/Illuminate/Foundation/Http/Middleware/TransformsRequest.php(21): Illuminate\\Pipeline\\Pipeline->Illuminate\\Pipeline\\{closure}(Object(Illuminate\\Http\\Request))
#47 /home/yasminebeautybar/public_html/vendor/laravel/framework/src/Illuminate/Foundation/Http/Middleware/TrimStrings.php(40): Illuminate\\Foundation\\Http\\Middleware\\TransformsRequest->handle(Object(Illuminate\\Http\\Request), Object(Closure))
#48 /home/yasminebeautybar/public_html/vendor/laravel/framework/src/Illuminate/Pipeline/Pipeline.php(167): Illuminate\\Foundation\\Http\\Middleware\\TrimStrings->handle(Object(Illuminate\\Http\\Request), Object(Closure))
#49 /home/yasminebeautybar/public_html/vendor/laravel/framework/src/Illuminate/Foundation/Http/Middleware/ValidatePostSize.php(27): Illuminate\\Pipeline\\Pipeline->Illuminate\\Pipeline\\{closure}(Object(Illuminate\\Http\\Request))
#50 /home/yasminebeautybar/public_html/vendor/laravel/framework/src/Illuminate/Pipeline/Pipeline.php(167): Illuminate\\Foundation\\Http\\Middleware\\ValidatePostSize->handle(Object(Illuminate\\Http\\Request), Object(Closure))
#51 /home/yasminebeautybar/public_html/vendor/laravel/framework/src/Illuminate/Pipeline/Pipeline.php(103): Illuminate\\Pipeline\\Pipeline->Illuminate\\Pipeline\\{closure}(Object(Illuminate\\Http\\Request))
#52 /home/yasminebeautybar/public_html/vendor/laravel/framework/src/Illuminate/Foundation/Http/Kernel.php(142): Illuminate\\Pipeline\\Pipeline->then(Object(Closure))
#53 /home/yasminebeautybar/public_html/vendor/laravel/framework/src/Illuminate/Foundation/Http/Kernel.php(111): Illuminate\\Foundation\\Http\\Kernel->sendRequestThroughRouter(Object(Illuminate\\Http\\Request))
#54 /home/yasminebeautybar/public_html/index.php(57): Illuminate\\Foundation\\Http\\Kernel->handle(Object(Illuminate\\Http\\Request))
#55 {main}

[previous exception] [object] (ErrorException(code: 0): Undefined variable $a at /home/yasminebeautybar/public_html/storage/framework/views/edadd6403c5ae69414426b7edb83b93e63890fd3.php:132)
[stacktrace]
#0 /home/yasminebeautybar/public_html/storage/framework/views/edadd6403c5ae69414426b7edb83b93e63890fd3.php(132): Illuminate\\Foundation\\Bootstrap\\HandleExceptions->handleError(2, 'Undefined varia...', '/home/yasminebe...', 132)
#1 /home/yasminebeautybar/public_html/vendor/laravel/framework/src/Illuminate/Filesystem/Filesystem.php(107): require('/home/yasminebe...')
#2 /home/yasminebeautybar/public_html/vendor/laravel/framework/src/Illuminate/Filesystem/Filesystem.php(108): Illuminate\\Filesystem\\Filesystem::Illuminate\\Filesystem\\{closure}()
#3 /home/yasminebeautybar/public_html/vendor/laravel/framework/src/Illuminate/View/Engines/PhpEngine.php(58): Illuminate\\Filesystem\\Filesystem->getRequire('/home/yasminebe...', Array)
#4 /home/yasminebeautybar/public_html/vendor/laravel/framework/src/Illuminate/View/Engines/CompilerEngine.php(61): Illuminate\\View\\Engines\\PhpEngine->evaluatePath('/home/yasminebe...', Array)
#5 /home/yasminebeautybar/public_html/vendor/facade/ignition/src/Views/Engines/CompilerEngine.php(37): Illuminate\\View\\Engines\\CompilerEngine->get('/home/yasminebe...', Array)
#6 /home/yasminebeautybar/public_html/vendor/laravel/framework/src/Illuminate/View/View.php(139): Facade\\Ignition\\Views\\Engines\\CompilerEngine->get('/home/yasminebe...', Array)
#7 /home/yasminebeautybar/public_html/vendor/laravel/framework/src/Illuminate/View/View.php(122): Illuminate\\View\\View->getContents()
#8 /home/yasminebeautybar/public_html/vendor/laravel/framework/src/Illuminate/View/View.php(91): Illuminate\\View\\View->renderContents()
#9 /home/yasminebeautybar/public_html/vendor/laravel/framework/src/Illuminate/Http/Response.php(69): Illuminate\\View\\View->render()
#10 /home/yasminebeautybar/public_html/vendor/laravel/framework/src/Illuminate/Http/Response.php(35): Illuminate\\Http\\Response->setContent(Object(Illuminate\\View\\View))
#11 /home/yasminebeautybar/public_html/vendor/laravel/framework/src/Illuminate/Routing/Router.php(820): Illuminate\\Http\\Response->__construct(Object(Illuminate\\View\\View), 200, Array)
#12 /home/yasminebeautybar/public_html/vendor/laravel/framework/src/Illuminate/Routing/Router.php(789): Illuminate\\Routing\\Router::toResponse(Object(Illuminate\\Http\\Request), Object(Illuminate\\View\\View))
#13 /home/yasminebeautybar/public_html/vendor/laravel/framework/src/Illuminate/Routing/Router.php(721): Illuminate\\Routing\\Router->prepareResponse(Object(Illuminate\\Http\\Request), Object(Illuminate\\View\\View))
#14 /home/yasminebeautybar/public_html/vendor/laravel/framework/src/Illuminate/Pipeline/Pipeline.php(128): Illuminate\\Routing\\Router->Illuminate\\Routing\\{closure}(Object(Illuminate\\Http\\Request))
#15 /home/yasminebeautybar/public_html/app/Http/Middleware/CheckForMaintenanceMode.php(58): Illuminate\\Pipeline\\Pipeline->Illuminate\\Pipeline\\{closure}(Object(Illuminate\\Http\\Request))
#16 /home/yasminebeautybar/public_html/vendor/laravel/framework/src/Illuminate/Pipeline/Pipeline.php(167): App\\Http\\Middleware\\CheckForMaintenanceMode->handle(Object(Illuminate\\Http\\Request), Object(Closure))
#17 /home/yasminebeautybar/public_html/app/Http/Middleware/HttpsProtocol.php(20): Illuminate\\Pipeline\\Pipeline->Illuminate\\Pipeline\\{closure}(Object(Illuminate\\Http\\Request))
#18 /home/yasminebeautybar/public_html/vendor/laravel/framework/src/Illuminate/Pipeline/Pipeline.php(167): App\\Http\\Middleware\\HttpsProtocol->handle(Object(Illuminate\\Http\\Request), Object(Closure))
#19 /home/yasminebeautybar/public_html/app/Http/Middleware/Language.php(31): Illuminate\\Pipeline\\Pipeline->Illuminate\\Pipeline\\{closure}(Object(Illuminate\\Http\\Request))
#20 /home/yasminebeautybar/public_html/vendor/laravel/framework/src/Illuminate/Pipeline/Pipeline.php(167): App\\Http\\Middleware\\Language->handle(Object(Illuminate\\Http\\Request), Object(Closure))
#21 /home/yasminebeautybar/public_html/vendor/laravel/framework/src/Illuminate/Routing/Middleware/SubstituteBindings.php(50): Illuminate\\Pipeline\\Pipeline->Illuminate\\Pipeline\\{closure}(Object(Illuminate\\Http\\Request))
#22 /home/yasminebeautybar/public_html/vendor/laravel/framework/src/Illuminate/Pipeline/Pipeline.php(167): Illuminate\\Routing\\Middleware\\SubstituteBindings->handle(Object(Illuminate\\Http\\Request), Object(Closure))
#23 /home/yasminebeautybar/public_html/vendor/laravel/framework/src/Illuminate/Foundation/Http/Middleware/VerifyCsrfToken.php(78): Illuminate\\Pipeline\\Pipeline->Illuminate\\Pipeline\\{closure}(Object(Illuminate\\Http\\Request))
#24 /home/yasminebeautybar/public_html/vendor/laravel/framework/src/Illuminate/Pipeline/Pipeline.php(167): Illuminate\\Foundation\\Http\\Middleware\\VerifyCsrfToken->handle(Object(Illuminate\\Http\\Request), Object(Closure))
#25 /home/yasminebeautybar/public_html/vendor/laravel/framework/src/Illuminate/View/Middleware/ShareErrorsFromSession.php(49): Illuminate\\Pipeline\\Pipeline->Illuminate\\Pipeline\\{closure}(Object(Illuminate\\Http\\Request))
#26 /home/yasminebeautybar/public_html/vendor/laravel/framework/src/Illuminate/Pipeline/Pipeline.php(167): Illuminate\\View\\Middleware\\ShareErrorsFromSession->handle(Object(Illuminate\\Http\\Request), Object(Closure))
#27 /home/yasminebeautybar/public_html/vendor/laravel/framework/src/Illuminate/Session/Middleware/StartSession.php(121): Illuminate\\Pipeline\\Pipeline->Illuminate\\Pipeline\\{closure}(Object(Illuminate\\Http\\Request))
#28 /home/yasminebeautybar/public_html/vendor/laravel/framework/src/Illuminate/Session/Middleware/StartSession.php(64): Illuminate\\Session\\Middleware\\StartSession->handleStatefulRequest(Object(Illuminate\\Http\\Request), Object(Illuminate\\Session\\Store), Object(Closure))
#29 /home/yasminebeautybar/public_html/vendor/laravel/framework/src/Illuminate/Pipeline/Pipeline.php(167): Illuminate\\Session\\Middleware\\StartSession->handle(Object(Illuminate\\Http\\Request), Object(Closure))
#30 /home/yasminebeautybar/public_html/vendor/laravel/framework/src/Illuminate/Cookie/Middleware/AddQueuedCookiesToResponse.php(37): Illuminate\\Pipeline\\Pipeline->Illuminate\\Pipeline\\{closure}(Object(Illuminate\\Http\\Request))
#31 /home/yasminebeautybar/public_html/vendor/laravel/framework/src/Illuminate/Pipeline/Pipeline.php(167): Illuminate\\Cookie\\Middleware\\AddQueuedCookiesToResponse->handle(Object(Illuminate\\Http\\Request), Object(Closure))
#32 /home/yasminebeautybar/public_html/vendor/laravel/framework/src/Illuminate/Pipeline/Pipeline.php(103): Illuminate\\Pipeline\\Pipeline->Illuminate\\Pipeline\\{closure}(Object(Illuminate\\Http\\Request))
#33 /home/yasminebeautybar/public_html/vendor/laravel/framework/src/Illuminate/Routing/Router.php(723): Illuminate\\Pipeline\\Pipeline->then(Object(Closure))
#34 /home/yasminebeautybar/public_html/vendor/laravel/framework/src/Illuminate/Routing/Router.php(698): Illuminate\\Routing\\Router->runRouteWithinStack(Object(Illuminate\\Routing\\Route), Object(Illuminate\\Http\\Request))
#35 /home/yasminebeautybar/public_html/vendor/laravel/framework/src/Illuminate/Routing/Router.php(662): Illuminate\\Routing\\Router->runRoute(Object(Illuminate\\Http\\Request), Object(Illuminate\\Routing\\Route))
#36 /home/yasminebeautybar/public_html/vendor/laravel/framework/src/Illuminate/Routing/Router.php(651): Illuminate\\Routing\\Router->dispatchToRoute(Object(Illuminate\\Http\\Request))
#37 /home/yasminebeautybar/public_html/vendor/laravel/framework/src/Illuminate/Foundation/Http/Kernel.php(167): Illuminate\\Routing\\Router->dispatch(Object(Illuminate\\Http\\Request))
#38 /home/yasminebeautybar/public_html/vendor/laravel/framework/src/Illuminate/Pipeline/Pipeline.php(128): Illuminate\\Foundation\\Http\\Kernel->Illuminate\\Foundation\\Http\\{closure}(Object(Illuminate\\Http\\Request))
#39 /home/yasminebeautybar/public_html/vendor/barryvdh/laravel-debugbar/src/Middleware/InjectDebugbar.php(59): Illuminate\\Pipeline\\Pipeline->Illuminate\\Pipeline\\{closure}(Object(Illuminate\\Http\\Request))
#40 /home/yasminebeautybar/public_html/vendor/laravel/framework/src/Illuminate/Pipeline/Pipeline.php(167): Barryvdh\\Debugbar\\Middleware\\InjectDebugbar->handle(Object(Illuminate\\Http\\Request), Object(Closure))
#41 /home/yasminebeautybar/public_html/vendor/fideloper/proxy/src/TrustProxies.php(57): Illuminate\\Pipeline\\Pipeline->Illuminate\\Pipeline\\{closure}(Object(Illuminate\\Http\\Request))
#42 /home/yasminebeautybar/public_html/vendor/laravel/framework/src/Illuminate/Pipeline/Pipeline.php(167): Fideloper\\Proxy\\TrustProxies->handle(Object(Illuminate\\Http\\Request), Object(Closure))
#43 /home/yasminebeautybar/public_html/vendor/laravel/framework/src/Illuminate/Foundation/Http/Middleware/TransformsRequest.php(21): Illuminate\\Pipeline\\Pipeline->Illuminate\\Pipeline\\{closure}(Object(Illuminate\\Http\\Request))
#44 /home/yasminebeautybar/public_html/vendor/laravel/framework/src/Illuminate/Foundation/Http/Middleware/ConvertEmptyStringsToNull.php(31): Illuminate\\Foundation\\Http\\Middleware\\TransformsRequest->handle(Object(Illuminate\\Http\\Request), Object(Closure))
#45 /home/yasminebeautybar/public_html/vendor/laravel/framework/src/Illuminate/Pipeline/Pipeline.php(167): Illuminate\\Foundation\\Http\\Middleware\\ConvertEmptyStringsToNull->handle(Object(Illuminate\\Http\\Request), Object(Closure))
#46 /home/yasminebeautybar/public_html/vendor/laravel/framework/src/Illuminate/Foundation/Http/Middleware/TransformsRequest.php(21): Illuminate\\Pipeline\\Pipeline->Illuminate\\Pipeline\\{closure}(Object(Illuminate\\Http\\Request))
#47 /home/yasminebeautybar/public_html/vendor/laravel/framework/src/Illuminate/Foundation/Http/Middleware/TrimStrings.php(40): Illuminate\\Foundation\\Http\\Middleware\\TransformsRequest->handle(Object(Illuminate\\Http\\Request), Object(Closure))
#48 /home/yasminebeautybar/public_html/vendor/laravel/framework/src/Illuminate/Pipeline/Pipeline.php(167): Illuminate\\Foundation\\Http\\Middleware\\TrimStrings->handle(Object(Illuminate\\Http\\Request), Object(Closure))
#49 /home/yasminebeautybar/public_html/vendor/laravel/framework/src/Illuminate/Foundation/Http/Middleware/ValidatePostSize.php(27): Illuminate\\Pipeline\\Pipeline->Illuminate\\Pipeline\\{closure}(Object(Illuminate\\Http\\Request))
#50 /home/yasminebeautybar/public_html/vendor/laravel/framework/src/Illuminate/Pipeline/Pipeline.php(167): Illuminate\\Foundation\\Http\\Middleware\\ValidatePostSize->handle(Object(Illuminate\\Http\\Request), Object(Closure))
#51 /home/yasminebeautybar/public_html/vendor/laravel/framework/src/Illuminate/Pipeline/Pipeline.php(103): Illuminate\\Pipeline\\Pipeline->Illuminate\\Pipeline\\{closure}(Object(Illuminate\\Http\\Request))
#52 /home/yasminebeautybar/public_html/vendor/laravel/framework/src/Illuminate/Foundation/Http/Kernel.php(142): Illuminate\\Pipeline\\Pipeline->then(Object(Closure))
#53 /home/yasminebeautybar/public_html/vendor/laravel/framework/src/Illuminate/Foundation/Http/Kernel.php(111): Illuminate\\Foundation\\Http\\Kernel->sendRequestThroughRouter(Object(Illuminate\\Http\\Request))
#54 /home/yasminebeautybar/public_html/index.php(57): Illuminate\\Foundation\\Http\\Kernel->handle(Object(Illuminate\\Http\\Request))
#55 {main}
"} 
[2024-05-18 01:31:06] local.ERROR: Undefined variable $a (View: /home/yasminebeautybar/public_html/resources/views/frontend/partials/addToCart.blade.php) {"view":{"view":"/home/yasminebeautybar/public_html/resources/views/frontend/partials/addToCart.blade.php","data":{"errors":"<pre class=sf-dump id=sf-dump-1830109025 data-indent-pad=\"  \"><span class=sf-dump-note>Illuminate\\Support\\ViewErrorBag</span> {<a class=sf-dump-ref>#2874</a><samp data-depth=1 class=sf-dump-expanded>
  #<span class=sf-dump-protected title=\"Protected property\">bags</span>: []
</samp>}
</pre><script>Sfdump(\"sf-dump-1830109025\", {\"maxDepth\":3,\"maxStringLength\":160})</script>
","product":"<pre class=sf-dump id=sf-dump-919951680 data-indent-pad=\"  \"><span class=sf-dump-note>App\\Models\\Product</span> {<a class=sf-dump-ref>#2899</a><samp data-depth=1 class=sf-dump-expanded>
  #<span class=sf-dump-protected title=\"Protected property\">connection</span>: \"<span class=sf-dump-str title=\"5 characters\">mysql</span>\"
  #<span class=sf-dump-protected title=\"Protected property\">table</span>: \"<span class=sf-dump-str title=\"8 characters\">products</span>\"
  #<span class=sf-dump-protected title=\"Protected property\">primaryKey</span>: \"<span class=sf-dump-str title=\"2 characters\">id</span>\"
  #<span class=sf-dump-protected title=\"Protected property\">keyType</span>: \"<span class=sf-dump-str title=\"3 characters\">int</span>\"
  +<span class=sf-dump-public title=\"Public property\">incrementing</span>: <span class=sf-dump-const>true</span>
  #<span class=sf-dump-protected title=\"Protected property\">with</span>: <span class=sf-dump-note>array:2</span> [<samp data-depth=2 class=sf-dump-compact>
    <span class=sf-dump-index>0</span> => \"<span class=sf-dump-str title=\"20 characters\">product_translations</span>\"
    <span class=sf-dump-index>1</span> => \"<span class=sf-dump-str title=\"5 characters\">taxes</span>\"
  </samp>]
  #<span class=sf-dump-protected title=\"Protected property\">withCount</span>: []
  +<span class=sf-dump-public title=\"Public property\">preventsLazyLoading</span>: <span class=sf-dump-const>false</span>
  #<span class=sf-dump-protected title=\"Protected property\">perPage</span>: <span class=sf-dump-num>15</span>
  +<span class=sf-dump-public title=\"Public property\">exists</span>: <span class=sf-dump-const>true</span>
  +<span class=sf-dump-public title=\"Public property\">wasRecentlyCreated</span>: <span class=sf-dump-const>false</span>
  #<span class=sf-dump-protected title=\"Protected property\">escapeWhenCastingToString</span>: <span class=sf-dump-const>false</span>
  #<span class=sf-dump-protected title=\"Protected property\">attributes</span>: <span class=sf-dump-note>array:62</span> [<samp data-depth=2 class=sf-dump-compact>
    \"<span class=sf-dump-key>id</span>\" => <span class=sf-dump-num>147</span>
    \"<span class=sf-dump-key>name</span>\" => \"<span class=sf-dump-str title=\"45 characters\">COSRX Snail Mucin 96% Power Repairing Essence</span>\"
    \"<span class=sf-dump-key>added_by</span>\" => \"<span class=sf-dump-str title=\"5 characters\">admin</span>\"
    \"<span class=sf-dump-key>user_id</span>\" => <span class=sf-dump-num>9</span>
    \"<span class=sf-dump-key>category_id</span>\" => <span class=sf-dump-num>9</span>
    \"<span class=sf-dump-key>brand_id</span>\" => <span class=sf-dump-num>15</span>
    \"<span class=sf-dump-key>photos</span>\" => \"<span class=sf-dump-str title=\"9 characters\">3110,3111</span>\"
    \"<span class=sf-dump-key>thumbnail_img</span>\" => \"<span class=sf-dump-str title=\"4 characters\">3111</span>\"
    \"<span class=sf-dump-key>video_provider</span>\" => \"<span class=sf-dump-str title=\"7 characters\">youtube</span>\"
    \"<span class=sf-dump-key>video_link</span>\" => <span class=sf-dump-const>null</span>
    \"<span class=sf-dump-key>tags</span>\" => \"<span class=sf-dump-str title=\"11 characters\">Cosrx snail</span>\"
    \"<span class=sf-dump-key>description</span>\" => \"\"\"
      <span class=sf-dump-str title=\"483 characters\">&lt;p&gt;Light- weight essence which absorbs into skin fast to give skin natural <span class=\"sf-dump-default sf-dump-ns\">\\r\\n</span></span>
      <span class=sf-dump-str title=\"483 characters\">glow from the inside. This essence is created from nutritious, <span class=\"sf-dump-default sf-dump-ns\">\\r\\n</span></span>
      <span class=sf-dump-str title=\"483 characters\">low-stimulation filtered snail mucin to keep your skin moisturized and <span class=\"sf-dump-default sf-dump-ns\">\\r\\n</span></span>
      <span class=sf-dump-str title=\"483 characters\">illuminated all day.&lt;/p&gt;&lt;div class=&quot;acc_content_area act&quot;&gt;<span class=\"sf-dump-default sf-dump-ns\">\\r\\n</span></span>
      <span class=sf-dump-str title=\"483 characters\">            &lt;p&gt;After cleansing and toning, apply a small amount on your <span class=\"sf-dump-default sf-dump-ns\">\\r\\n</span></span>
      <span class=sf-dump-str title=\"483 characters\">entire face. Gently pat sing fingertips to aid absorption, and then go <span class=\"sf-dump-default sf-dump-ns\">\\r\\n</span></span>
      <span class=sf-dump-str title=\"483 characters\">forth with your moistrizers.&amp;nbsp;&lt;/p&gt;<span class=\"sf-dump-default sf-dump-ns\">\\r\\n</span></span>
      <span class=sf-dump-str title=\"483 characters\">        &lt;/div&gt;&lt;p&gt;&lt;/p&gt;</span>
      \"\"\"
    \"<span class=sf-dump-key>unit_price</span>\" => <span class=sf-dump-num>1200.0</span>
    \"<span class=sf-dump-key>purchase_price</span>\" => <span class=sf-dump-const>null</span>
    \"<span class=sf-dump-key>variant_product</span>\" => <span class=sf-dump-num>1</span>
    \"<span class=sf-dump-key>attributes</span>\" => \"<span class=sf-dump-str title=\"5 characters\">[&quot;1&quot;]</span>\"
    \"<span class=sf-dump-key>choice_options</span>\" => \"<span class=sf-dump-str title=\"42 characters\">[{&quot;attribute_id&quot;:&quot;1&quot;,&quot;values&quot;:[&quot;100 ml&quot;]}]</span>\"
    \"<span class=sf-dump-key>colors</span>\" => \"<span class=sf-dump-str title=\"2 characters\">[]</span>\"
    \"<span class=sf-dump-key>variations</span>\" => <span class=sf-dump-const>null</span>
    \"<span class=sf-dump-key>todays_deal</span>\" => <span class=sf-dump-num>0</span>
    \"<span class=sf-dump-key>published</span>\" => <span class=sf-dump-num>1</span>
    \"<span class=sf-dump-key>approved</span>\" => <span class=sf-dump-num>1</span>
    \"<span class=sf-dump-key>stock_visibility_state</span>\" => \"<span class=sf-dump-str title=\"7 characters\">textqty</span>\"
    \"<span class=sf-dump-key>cash_on_delivery</span>\" => <span class=sf-dump-num>1</span>
    \"<span class=sf-dump-key>featured</span>\" => <span class=sf-dump-num>0</span>
    \"<span class=sf-dump-key>seller_featured</span>\" => <span class=sf-dump-num>0</span>
    \"<span class=sf-dump-key>current_stock</span>\" => <span class=sf-dump-num>1</span>
    \"<span class=sf-dump-key>unit</span>\" => \"<span class=sf-dump-str title=\"2 characters\">ml</span>\"
    \"<span class=sf-dump-key>weight</span>\" => <span class=sf-dump-num>100.0</span>
    \"<span class=sf-dump-key>min_qty</span>\" => <span class=sf-dump-num>1</span>
    \"<span class=sf-dump-key>low_stock_quantity</span>\" => <span class=sf-dump-num>5</span>
    \"<span class=sf-dump-key>discount</span>\" => <span class=sf-dump-num>0.0</span>
    \"<span class=sf-dump-key>product_Lable</span>\" => <span class=sf-dump-const>null</span>
    \"<span class=sf-dump-key>discount_type</span>\" => \"<span class=sf-dump-str title=\"6 characters\">amount</span>\"
    \"<span class=sf-dump-key>discount_start_date</span>\" => <span class=sf-dump-const>null</span>
    \"<span class=sf-dump-key>discount_end_date</span>\" => <span class=sf-dump-const>null</span>
    \"<span class=sf-dump-key>tax</span>\" => <span class=sf-dump-const>null</span>
    \"<span class=sf-dump-key>tax_type</span>\" => <span class=sf-dump-const>null</span>
    \"<span class=sf-dump-key>shipping_type</span>\" => \"<span class=sf-dump-str title=\"4 characters\">free</span>\"
    \"<span class=sf-dump-key>shipping_cost</span>\" => <span class=sf-dump-num>0.0</span>
    \"<span class=sf-dump-key>is_quantity_multiplied</span>\" => <span class=sf-dump-num>0</span>
    \"<span class=sf-dump-key>est_shipping_days</span>\" => <span class=sf-dump-const>null</span>
    \"<span class=sf-dump-key>num_of_sale</span>\" => <span class=sf-dump-num>383</span>
    \"<span class=sf-dump-key>meta_title</span>\" => \"<span class=sf-dump-str title=\"45 characters\">COSRX Snail Mucin 96% Power Repairing Essence</span>\"
    \"<span class=sf-dump-key>meta_description</span>\" => \"\"\"
      <span class=sf-dump-str title=\"422 characters\">Light- weight essence which absorbs into skin fast to give skin natural <span class=\"sf-dump-default sf-dump-ns\">\\r\\n</span></span>
      <span class=sf-dump-str title=\"422 characters\">glow from the inside. This essence is created from nutritious, <span class=\"sf-dump-default sf-dump-ns\">\\r\\n</span></span>
      <span class=sf-dump-str title=\"422 characters\">low-stimulation filtered snail mucin to keep your skin moisturized and <span class=\"sf-dump-default sf-dump-ns\">\\r\\n</span></span>
      <span class=sf-dump-str title=\"422 characters\">illuminated all day.<span class=\"sf-dump-default sf-dump-ns\">\\r\\n</span></span>
      <span class=sf-dump-str title=\"422 characters\">            After cleansing and toning, apply a small amount on your <span class=\"sf-dump-default sf-dump-ns\">\\r\\n</span></span>
      <span class=sf-dump-str title=\"422 characters\">entire face. Gently pat sing fingertips to aid absorption, and then go <span class=\"sf-dump-default sf-dump-ns\">\\r\\n</span></span>
      <span class=sf-dump-str title=\"422 characters\">forth with your moistrizers.&amp;nbsp;<span class=\"sf-dump-default sf-dump-ns\">\\r\\n</span></span>
      <span class=sf-dump-str title=\"422 characters\">        </span>
      \"\"\"
    \"<span class=sf-dump-key>meta_img</span>\" => \"<span class=sf-dump-str title=\"4 characters\">3111</span>\"
    \"<span class=sf-dump-key>pdf</span>\" => <span class=sf-dump-const>null</span>
    \"<span class=sf-dump-key>slug</span>\" => \"<span class=sf-dump-str title=\"44 characters\">cosrx-snail-mucin-96-power-repairing-essence</span>\"
    \"<span class=sf-dump-key>earn_point</span>\" => <span class=sf-dump-num>120.0</span>
    \"<span class=sf-dump-key>review_point</span>\" => <span class=sf-dump-num>0.0</span>
    \"<span class=sf-dump-key>review_point_image</span>\" => <span class=sf-dump-num>0.0</span>
    \"<span class=sf-dump-key>rating</span>\" => <span class=sf-dump-num>0.0</span>
    \"<span class=sf-dump-key>barcode</span>\" => <span class=sf-dump-const>null</span>
    \"<span class=sf-dump-key>digital</span>\" => <span class=sf-dump-num>0</span>
    \"<span class=sf-dump-key>auction_product</span>\" => <span class=sf-dump-num>0</span>
    \"<span class=sf-dump-key>file_name</span>\" => <span class=sf-dump-const>null</span>
    \"<span class=sf-dump-key>file_path</span>\" => <span class=sf-dump-const>null</span>
    \"<span class=sf-dump-key>external_link</span>\" => <span class=sf-dump-const>null</span>
    \"<span class=sf-dump-key>external_link_btn</span>\" => <span class=sf-dump-const>null</span>
    \"<span class=sf-dump-key>wholesale_product</span>\" => <span class=sf-dump-num>0</span>
    \"<span class=sf-dump-key>created_at</span>\" => \"<span class=sf-dump-str title=\"19 characters\">2023-01-30 19:18:12</span>\"
    \"<span class=sf-dump-key>updated_at</span>\" => \"<span class=sf-dump-str title=\"19 characters\">2024-05-17 15:47:11</span>\"
  </samp>]
  #<span class=sf-dump-protected title=\"Protected property\">original</span>: <span class=sf-dump-note>array:62</span> [<samp data-depth=2 class=sf-dump-compact>
    \"<span class=sf-dump-key>id</span>\" => <span class=sf-dump-num>147</span>
    \"<span class=sf-dump-key>name</span>\" => \"<span class=sf-dump-str title=\"45 characters\">COSRX Snail Mucin 96% Power Repairing Essence</span>\"
    \"<span class=sf-dump-key>added_by</span>\" => \"<span class=sf-dump-str title=\"5 characters\">admin</span>\"
    \"<span class=sf-dump-key>user_id</span>\" => <span class=sf-dump-num>9</span>
    \"<span class=sf-dump-key>category_id</span>\" => <span class=sf-dump-num>9</span>
    \"<span class=sf-dump-key>brand_id</span>\" => <span class=sf-dump-num>15</span>
    \"<span class=sf-dump-key>photos</span>\" => \"<span class=sf-dump-str title=\"9 characters\">3110,3111</span>\"
    \"<span class=sf-dump-key>thumbnail_img</span>\" => \"<span class=sf-dump-str title=\"4 characters\">3111</span>\"
    \"<span class=sf-dump-key>video_provider</span>\" => \"<span class=sf-dump-str title=\"7 characters\">youtube</span>\"
    \"<span class=sf-dump-key>video_link</span>\" => <span class=sf-dump-const>null</span>
    \"<span class=sf-dump-key>tags</span>\" => \"<span class=sf-dump-str title=\"11 characters\">Cosrx snail</span>\"
    \"<span class=sf-dump-key>description</span>\" => \"\"\"
      <span class=sf-dump-str title=\"483 characters\">&lt;p&gt;Light- weight essence which absorbs into skin fast to give skin natural <span class=\"sf-dump-default sf-dump-ns\">\\r\\n</span></span>
      <span class=sf-dump-str title=\"483 characters\">glow from the inside. This essence is created from nutritious, <span class=\"sf-dump-default sf-dump-ns\">\\r\\n</span></span>
      <span class=sf-dump-str title=\"483 characters\">low-stimulation filtered snail mucin to keep your skin moisturized and <span class=\"sf-dump-default sf-dump-ns\">\\r\\n</span></span>
      <span class=sf-dump-str title=\"483 characters\">illuminated all day.&lt;/p&gt;&lt;div class=&quot;acc_content_area act&quot;&gt;<span class=\"sf-dump-default sf-dump-ns\">\\r\\n</span></span>
      <span class=sf-dump-str title=\"483 characters\">            &lt;p&gt;After cleansing and toning, apply a small amount on your <span class=\"sf-dump-default sf-dump-ns\">\\r\\n</span></span>
      <span class=sf-dump-str title=\"483 characters\">entire face. Gently pat sing fingertips to aid absorption, and then go <span class=\"sf-dump-default sf-dump-ns\">\\r\\n</span></span>
      <span class=sf-dump-str title=\"483 characters\">forth with your moistrizers.&amp;nbsp;&lt;/p&gt;<span class=\"sf-dump-default sf-dump-ns\">\\r\\n</span></span>
      <span class=sf-dump-str title=\"483 characters\">        &lt;/div&gt;&lt;p&gt;&lt;/p&gt;</span>
      \"\"\"
    \"<span class=sf-dump-key>unit_price</span>\" => <span class=sf-dump-num>1200.0</span>
    \"<span class=sf-dump-key>purchase_price</span>\" => <span class=sf-dump-const>null</span>
    \"<span class=sf-dump-key>variant_product</span>\" => <span class=sf-dump-num>1</span>
    \"<span class=sf-dump-key>attributes</span>\" => \"<span class=sf-dump-str title=\"5 characters\">[&quot;1&quot;]</span>\"
    \"<span class=sf-dump-key>choice_options</span>\" => \"<span class=sf-dump-str title=\"42 characters\">[{&quot;attribute_id&quot;:&quot;1&quot;,&quot;values&quot;:[&quot;100 ml&quot;]}]</span>\"
    \"<span class=sf-dump-key>colors</span>\" => \"<span class=sf-dump-str title=\"2 characters\">[]</span>\"
    \"<span class=sf-dump-key>variations</span>\" => <span class=sf-dump-const>null</span>
    \"<span class=sf-dump-key>todays_deal</span>\" => <span class=sf-dump-num>0</span>
    \"<span class=sf-dump-key>published</span>\" => <span class=sf-dump-num>1</span>
    \"<span class=sf-dump-key>approved</span>\" => <span class=sf-dump-num>1</span>
    \"<span class=sf-dump-key>stock_visibility_state</span>\" => \"<span class=sf-dump-str title=\"7 characters\">textqty</span>\"
    \"<span class=sf-dump-key>cash_on_delivery</span>\" => <span class=sf-dump-num>1</span>
    \"<span class=sf-dump-key>featured</span>\" => <span class=sf-dump-num>0</span>
    \"<span class=sf-dump-key>seller_featured</span>\" => <span class=sf-dump-num>0</span>
    \"<span class=sf-dump-key>current_stock</span>\" => <span class=sf-dump-num>1</span>
    \"<span class=sf-dump-key>unit</span>\" => \"<span class=sf-dump-str title=\"2 characters\">ml</span>\"
    \"<span class=sf-dump-key>weight</span>\" => <span class=sf-dump-num>100.0</span>
    \"<span class=sf-dump-key>min_qty</span>\" => <span class=sf-dump-num>1</span>
    \"<span class=sf-dump-key>low_stock_quantity</span>\" => <span class=sf-dump-num>5</span>
    \"<span class=sf-dump-key>discount</span>\" => <span class=sf-dump-num>0.0</span>
    \"<span class=sf-dump-key>product_Lable</span>\" => <span class=sf-dump-const>null</span>
    \"<span class=sf-dump-key>discount_type</span>\" => \"<span class=sf-dump-str title=\"6 characters\">amount</span>\"
    \"<span class=sf-dump-key>discount_start_date</span>\" => <span class=sf-dump-const>null</span>
    \"<span class=sf-dump-key>discount_end_date</span>\" => <span class=sf-dump-const>null</span>
    \"<span class=sf-dump-key>tax</span>\" => <span class=sf-dump-const>null</span>
    \"<span class=sf-dump-key>tax_type</span>\" => <span class=sf-dump-const>null</span>
    \"<span class=sf-dump-key>shipping_type</span>\" => \"<span class=sf-dump-str title=\"4 characters\">free</span>\"
    \"<span class=sf-dump-key>shipping_cost</span>\" => <span class=sf-dump-num>0.0</span>
    \"<span class=sf-dump-key>is_quantity_multiplied</span>\" => <span class=sf-dump-num>0</span>
    \"<span class=sf-dump-key>est_shipping_days</span>\" => <span class=sf-dump-const>null</span>
    \"<span class=sf-dump-key>num_of_sale</span>\" => <span class=sf-dump-num>383</span>
    \"<span class=sf-dump-key>meta_title</span>\" => \"<span class=sf-dump-str title=\"45 characters\">COSRX Snail Mucin 96% Power Repairing Essence</span>\"
    \"<span class=sf-dump-key>meta_description</span>\" => \"\"\"
      <span class=sf-dump-str title=\"422 characters\">Light- weight essence which absorbs into skin fast to give skin natural <span class=\"sf-dump-default sf-dump-ns\">\\r\\n</span></span>
      <span class=sf-dump-str title=\"422 characters\">glow from the inside. This essence is created from nutritious, <span class=\"sf-dump-default sf-dump-ns\">\\r\\n</span></span>
      <span class=sf-dump-str title=\"422 characters\">low-stimulation filtered snail mucin to keep your skin moisturized and <span class=\"sf-dump-default sf-dump-ns\">\\r\\n</span></span>
      <span class=sf-dump-str title=\"422 characters\">illuminated all day.<span class=\"sf-dump-default sf-dump-ns\">\\r\\n</span></span>
      <span class=sf-dump-str title=\"422 characters\">            After cleansing and toning, apply a small amount on your <span class=\"sf-dump-default sf-dump-ns\">\\r\\n</span></span>
      <span class=sf-dump-str title=\"422 characters\">entire face. Gently pat sing fingertips to aid absorption, and then go <span class=\"sf-dump-default sf-dump-ns\">\\r\\n</span></span>
      <span class=sf-dump-str title=\"422 characters\">forth with your moistrizers.&amp;nbsp;<span class=\"sf-dump-default sf-dump-ns\">\\r\\n</span></span>
      <span class=sf-dump-str title=\"422 characters\">        </span>
      \"\"\"
    \"<span class=sf-dump-key>meta_img</span>\" => \"<span class=sf-dump-str title=\"4 characters\">3111</span>\"
    \"<span class=sf-dump-key>pdf</span>\" => <span class=sf-dump-const>null</span>
    \"<span class=sf-dump-key>slug</span>\" => \"<span class=sf-dump-str title=\"44 characters\">cosrx-snail-mucin-96-power-repairing-essence</span>\"
    \"<span class=sf-dump-key>earn_point</span>\" => <span class=sf-dump-num>120.0</span>
    \"<span class=sf-dump-key>review_point</span>\" => <span class=sf-dump-num>0.0</span>
    \"<span class=sf-dump-key>review_point_image</span>\" => <span class=sf-dump-num>0.0</span>
    \"<span class=sf-dump-key>rating</span>\" => <span class=sf-dump-num>0.0</span>
    \"<span class=sf-dump-key>barcode</span>\" => <span class=sf-dump-const>null</span>
    \"<span class=sf-dump-key>digital</span>\" => <span class=sf-dump-num>0</span>
    \"<span class=sf-dump-key>auction_product</span>\" => <span class=sf-dump-num>0</span>
    \"<span class=sf-dump-key>file_name</span>\" => <span class=sf-dump-const>null</span>
    \"<span class=sf-dump-key>file_path</span>\" => <span class=sf-dump-const>null</span>
    \"<span class=sf-dump-key>external_link</span>\" => <span class=sf-dump-const>null</span>
    \"<span class=sf-dump-key>external_link_btn</span>\" => <span class=sf-dump-const>null</span>
    \"<span class=sf-dump-key>wholesale_product</span>\" => <span class=sf-dump-num>0</span>
    \"<span class=sf-dump-key>created_at</span>\" => \"<span class=sf-dump-str title=\"19 characters\">2023-01-30 19:18:12</span>\"
    \"<span class=sf-dump-key>updated_at</span>\" => \"<span class=sf-dump-str title=\"19 characters\">2024-05-17 15:47:11</span>\"
  </samp>]
  #<span class=sf-dump-protected title=\"Protected property\">changes</span>: []
  #<span class=sf-dump-protected title=\"Protected property\">casts</span>: []
  #<span class=sf-dump-protected title=\"Protected property\">classCastCache</span>: []
  #<span class=sf-dump-protected title=\"Protected property\">attributeCastCache</span>: []
  #<span class=sf-dump-protected title=\"Protected property\">dates</span>: []
  #<span class=sf-dump-protected title=\"Protected property\">dateFormat</span>: <span class=sf-dump-const>null</span>
  #<span class=sf-dump-protected title=\"Protected property\">appends</span>: []
  #<span class=sf-dump-protected title=\"Protected property\">dispatchesEvents</span>: []
  #<span class=sf-dump-protected title=\"Protected property\">observables</span>: []
  #<span class=sf-dump-protected title=\"Protected property\">relations</span>: <span class=sf-dump-note>array:3</span> [<samp data-depth=2 class=sf-dump-compact>
    \"<span class=sf-dump-key>product_translations</span>\" => <span class=sf-dump-note title=\"Illuminate\\Database\\Eloquent\\Collection
\"><span class=\"sf-dump-ellipsis sf-dump-ellipsis-note\">Illuminate\\Database\\Eloquent</span><span class=\"sf-dump-ellipsis sf-dump-ellipsis-note\">\\</span>Collection</span> {<a class=sf-dump-ref>#2901</a><samp data-depth=3 class=sf-dump-compact>
      #<span class=sf-dump-protected title=\"Protected property\">items</span>: <span class=sf-dump-note>array:2</span> [ &#8230;2]
      #<span class=sf-dump-protected title=\"Protected property\">escapeWhenCastingToString</span>: <span class=sf-dump-const>false</span>
    </samp>}
    \"<span class=sf-dump-key>taxes</span>\" => <span class=sf-dump-note title=\"Illuminate\\Database\\Eloquent\\Collection
\"><span class=\"sf-dump-ellipsis sf-dump-ellipsis-note\">Illuminate\\Database\\Eloquent</span><span class=\"sf-dump-ellipsis sf-dump-ellipsis-note\">\\</span>Collection</span> {<a class=sf-dump-ref>#2910</a><samp data-depth=3 class=sf-dump-compact>
      #<span class=sf-dump-protected title=\"Protected property\">items</span>: <span class=sf-dump-note>array:1</span> [ &#8230;1]
      #<span class=sf-dump-protected title=\"Protected property\">escapeWhenCastingToString</span>: <span class=sf-dump-const>false</span>
    </samp>}
    \"<span class=sf-dump-key>stocks</span>\" => <span class=sf-dump-note title=\"Illuminate\\Database\\Eloquent\\Collection
\"><span class=\"sf-dump-ellipsis sf-dump-ellipsis-note\">Illuminate\\Database\\Eloquent</span><span class=\"sf-dump-ellipsis sf-dump-ellipsis-note\">\\</span>Collection</span> {<a class=sf-dump-ref>#2906</a><samp data-depth=3 class=sf-dump-compact>
      #<span class=sf-dump-protected title=\"Protected property\">items</span>: <span class=sf-dump-note>array:1</span> [ &#8230;1]
      #<span class=sf-dump-protected title=\"Protected property\">escapeWhenCastingToString</span>: <span class=sf-dump-const>false</span>
    </samp>}
  </samp>]
  #<span class=sf-dump-protected title=\"Protected property\">touches</span>: []
  +<span class=sf-dump-public title=\"Public property\">timestamps</span>: <span class=sf-dump-const>true</span>
  #<span class=sf-dump-protected title=\"Protected property\">hidden</span>: []
  #<span class=sf-dump-protected title=\"Protected property\">visible</span>: []
  #<span class=sf-dump-protected title=\"Protected property\">fillable</span>: []
  #<span class=sf-dump-protected title=\"Protected property\">guarded</span>: <span class=sf-dump-note>array:1</span> [<samp data-depth=2 class=sf-dump-compact>
    <span class=sf-dump-index>0</span> => \"<span class=sf-dump-str title=\"17 characters\">choice_attributes</span>\"
  </samp>]
</samp>}
</pre><script>Sfdump(\"sf-dump-919951680\", {\"maxDepth\":3,\"maxStringLength\":160})</script>
"}},"exception":"[object] (Facade\\Ignition\\Exceptions\\ViewException(code: 0): Undefined variable $a (View: /home/yasminebeautybar/public_html/resources/views/frontend/partials/addToCart.blade.php) at /home/yasminebeautybar/public_html/resources/views/frontend/partials/addToCart.blade.php:132)
[stacktrace]
#0 /home/yasminebeautybar/public_html/resources/views/frontend/partials/addToCart.blade.php(132): Illuminate\\Foundation\\Bootstrap\\HandleExceptions->handleError(2, 'Undefined varia...', '/home/yasminebe...', 132)
#1 /home/yasminebeautybar/public_html/vendor/laravel/framework/src/Illuminate/Filesystem/Filesystem.php(107): require('/home/yasminebe...')
#2 /home/yasminebeautybar/public_html/vendor/laravel/framework/src/Illuminate/Filesystem/Filesystem.php(108): Illuminate\\Filesystem\\Filesystem::Illuminate\\Filesystem\\{closure}()
#3 /home/yasminebeautybar/public_html/vendor/laravel/framework/src/Illuminate/View/Engines/PhpEngine.php(58): Illuminate\\Filesystem\\Filesystem->getRequire('/home/yasminebe...', Array)
#4 /home/yasminebeautybar/public_html/vendor/laravel/framework/src/Illuminate/View/Engines/CompilerEngine.php(61): Illuminate\\View\\Engines\\PhpEngine->evaluatePath('/home/yasminebe...', Array)
#5 /home/yasminebeautybar/public_html/vendor/facade/ignition/src/Views/Engines/CompilerEngine.php(37): Illuminate\\View\\Engines\\CompilerEngine->get('/home/yasminebe...', Array)
#6 /home/yasminebeautybar/public_html/vendor/laravel/framework/src/Illuminate/View/View.php(139): Facade\\Ignition\\Views\\Engines\\CompilerEngine->get('/home/yasminebe...', Array)
#7 /home/yasminebeautybar/public_html/vendor/laravel/framework/src/Illuminate/View/View.php(122): Illuminate\\View\\View->getContents()
#8 /home/yasminebeautybar/public_html/vendor/laravel/framework/src/Illuminate/View/View.php(91): Illuminate\\View\\View->renderContents()
#9 /home/yasminebeautybar/public_html/vendor/laravel/framework/src/Illuminate/Http/Response.php(69): Illuminate\\View\\View->render()
#10 /home/yasminebeautybar/public_html/vendor/laravel/framework/src/Illuminate/Http/Response.php(35): Illuminate\\Http\\Response->setContent(Object(Illuminate\\View\\View))
#11 /home/yasminebeautybar/public_html/vendor/laravel/framework/src/Illuminate/Routing/Router.php(820): Illuminate\\Http\\Response->__construct(Object(Illuminate\\View\\View), 200, Array)
#12 /home/yasminebeautybar/public_html/vendor/laravel/framework/src/Illuminate/Routing/Router.php(789): Illuminate\\Routing\\Router::toResponse(Object(Illuminate\\Http\\Request), Object(Illuminate\\View\\View))
#13 /home/yasminebeautybar/public_html/vendor/laravel/framework/src/Illuminate/Routing/Router.php(721): Illuminate\\Routing\\Router->prepareResponse(Object(Illuminate\\Http\\Request), Object(Illuminate\\View\\View))
#14 /home/yasminebeautybar/public_html/vendor/laravel/framework/src/Illuminate/Pipeline/Pipeline.php(128): Illuminate\\Routing\\Router->Illuminate\\Routing\\{closure}(Object(Illuminate\\Http\\Request))
#15 /home/yasminebeautybar/public_html/app/Http/Middleware/CheckForMaintenanceMode.php(58): Illuminate\\Pipeline\\Pipeline->Illuminate\\Pipeline\\{closure}(Object(Illuminate\\Http\\Request))
#16 /home/yasminebeautybar/public_html/vendor/laravel/framework/src/Illuminate/Pipeline/Pipeline.php(167): App\\Http\\Middleware\\CheckForMaintenanceMode->handle(Object(Illuminate\\Http\\Request), Object(Closure))
#17 /home/yasminebeautybar/public_html/app/Http/Middleware/HttpsProtocol.php(20): Illuminate\\Pipeline\\Pipeline->Illuminate\\Pipeline\\{closure}(Object(Illuminate\\Http\\Request))
#18 /home/yasminebeautybar/public_html/vendor/laravel/framework/src/Illuminate/Pipeline/Pipeline.php(167): App\\Http\\Middleware\\HttpsProtocol->handle(Object(Illuminate\\Http\\Request), Object(Closure))
#19 /home/yasminebeautybar/public_html/app/Http/Middleware/Language.php(31): Illuminate\\Pipeline\\Pipeline->Illuminate\\Pipeline\\{closure}(Object(Illuminate\\Http\\Request))
#20 /home/yasminebeautybar/public_html/vendor/laravel/framework/src/Illuminate/Pipeline/Pipeline.php(167): App\\Http\\Middleware\\Language->handle(Object(Illuminate\\Http\\Request), Object(Closure))
#21 /home/yasminebeautybar/public_html/vendor/laravel/framework/src/Illuminate/Routing/Middleware/SubstituteBindings.php(50): Illuminate\\Pipeline\\Pipeline->Illuminate\\Pipeline\\{closure}(Object(Illuminate\\Http\\Request))
#22 /home/yasminebeautybar/public_html/vendor/laravel/framework/src/Illuminate/Pipeline/Pipeline.php(167): Illuminate\\Routing\\Middleware\\SubstituteBindings->handle(Object(Illuminate\\Http\\Request), Object(Closure))
#23 /home/yasminebeautybar/public_html/vendor/laravel/framework/src/Illuminate/Foundation/Http/Middleware/VerifyCsrfToken.php(78): Illuminate\\Pipeline\\Pipeline->Illuminate\\Pipeline\\{closure}(Object(Illuminate\\Http\\Request))
#24 /home/yasminebeautybar/public_html/vendor/laravel/framework/src/Illuminate/Pipeline/Pipeline.php(167): Illuminate\\Foundation\\Http\\Middleware\\VerifyCsrfToken->handle(Object(Illuminate\\Http\\Request), Object(Closure))
#25 /home/yasminebeautybar/public_html/vendor/laravel/framework/src/Illuminate/View/Middleware/ShareErrorsFromSession.php(49): Illuminate\\Pipeline\\Pipeline->Illuminate\\Pipeline\\{closure}(Object(Illuminate\\Http\\Request))
#26 /home/yasminebeautybar/public_html/vendor/laravel/framework/src/Illuminate/Pipeline/Pipeline.php(167): Illuminate\\View\\Middleware\\ShareErrorsFromSession->handle(Object(Illuminate\\Http\\Request), Object(Closure))
#27 /home/yasminebeautybar/public_html/vendor/laravel/framework/src/Illuminate/Session/Middleware/StartSession.php(121): Illuminate\\Pipeline\\Pipeline->Illuminate\\Pipeline\\{closure}(Object(Illuminate\\Http\\Request))
#28 /home/yasminebeautybar/public_html/vendor/laravel/framework/src/Illuminate/Session/Middleware/StartSession.php(64): Illuminate\\Session\\Middleware\\StartSession->handleStatefulRequest(Object(Illuminate\\Http\\Request), Object(Illuminate\\Session\\Store), Object(Closure))
#29 /home/yasminebeautybar/public_html/vendor/laravel/framework/src/Illuminate/Pipeline/Pipeline.php(167): Illuminate\\Session\\Middleware\\StartSession->handle(Object(Illuminate\\Http\\Request), Object(Closure))
#30 /home/yasminebeautybar/public_html/vendor/laravel/framework/src/Illuminate/Cookie/Middleware/AddQueuedCookiesToResponse.php(37): Illuminate\\Pipeline\\Pipeline->Illuminate\\Pipeline\\{closure}(Object(Illuminate\\Http\\Request))
#31 /home/yasminebeautybar/public_html/vendor/laravel/framework/src/Illuminate/Pipeline/Pipeline.php(167): Illuminate\\Cookie\\Middleware\\AddQueuedCookiesToResponse->handle(Object(Illuminate\\Http\\Request), Object(Closure))
#32 /home/yasminebeautybar/public_html/vendor/laravel/framework/src/Illuminate/Pipeline/Pipeline.php(103): Illuminate\\Pipeline\\Pipeline->Illuminate\\Pipeline\\{closure}(Object(Illuminate\\Http\\Request))
#33 /home/yasminebeautybar/public_html/vendor/laravel/framework/src/Illuminate/Routing/Router.php(723): Illuminate\\Pipeline\\Pipeline->then(Object(Closure))
#34 /home/yasminebeautybar/public_html/vendor/laravel/framework/src/Illuminate/Routing/Router.php(698): Illuminate\\Routing\\Router->runRouteWithinStack(Object(Illuminate\\Routing\\Route), Object(Illuminate\\Http\\Request))
#35 /home/yasminebeautybar/public_html/vendor/laravel/framework/src/Illuminate/Routing/Router.php(662): Illuminate\\Routing\\Router->runRoute(Object(Illuminate\\Http\\Request), Object(Illuminate\\Routing\\Route))
#36 /home/yasminebeautybar/public_html/vendor/laravel/framework/src/Illuminate/Routing/Router.php(651): Illuminate\\Routing\\Router->dispatchToRoute(Object(Illuminate\\Http\\Request))
#37 /home/yasminebeautybar/public_html/vendor/laravel/framework/src/Illuminate/Foundation/Http/Kernel.php(167): Illuminate\\Routing\\Router->dispatch(Object(Illuminate\\Http\\Request))
#38 /home/yasminebeautybar/public_html/vendor/laravel/framework/src/Illuminate/Pipeline/Pipeline.php(128): Illuminate\\Foundation\\Http\\Kernel->Illuminate\\Foundation\\Http\\{closure}(Object(Illuminate\\Http\\Request))
#39 /home/yasminebeautybar/public_html/vendor/barryvdh/laravel-debugbar/src/Middleware/InjectDebugbar.php(59): Illuminate\\Pipeline\\Pipeline->Illuminate\\Pipeline\\{closure}(Object(Illuminate\\Http\\Request))
#40 /home/yasminebeautybar/public_html/vendor/laravel/framework/src/Illuminate/Pipeline/Pipeline.php(167): Barryvdh\\Debugbar\\Middleware\\InjectDebugbar->handle(Object(Illuminate\\Http\\Request), Object(Closure))
#41 /home/yasminebeautybar/public_html/vendor/fideloper/proxy/src/TrustProxies.php(57): Illuminate\\Pipeline\\Pipeline->Illuminate\\Pipeline\\{closure}(Object(Illuminate\\Http\\Request))
#42 /home/yasminebeautybar/public_html/vendor/laravel/framework/src/Illuminate/Pipeline/Pipeline.php(167): Fideloper\\Proxy\\TrustProxies->handle(Object(Illuminate\\Http\\Request), Object(Closure))
#43 /home/yasminebeautybar/public_html/vendor/laravel/framework/src/Illuminate/Foundation/Http/Middleware/TransformsRequest.php(21): Illuminate\\Pipeline\\Pipeline->Illuminate\\Pipeline\\{closure}(Object(Illuminate\\Http\\Request))
#44 /home/yasminebeautybar/public_html/vendor/laravel/framework/src/Illuminate/Foundation/Http/Middleware/ConvertEmptyStringsToNull.php(31): Illuminate\\Foundation\\Http\\Middleware\\TransformsRequest->handle(Object(Illuminate\\Http\\Request), Object(Closure))
#45 /home/yasminebeautybar/public_html/vendor/laravel/framework/src/Illuminate/Pipeline/Pipeline.php(167): Illuminate\\Foundation\\Http\\Middleware\\ConvertEmptyStringsToNull->handle(Object(Illuminate\\Http\\Request), Object(Closure))
#46 /home/yasminebeautybar/public_html/vendor/laravel/framework/src/Illuminate/Foundation/Http/Middleware/TransformsRequest.php(21): Illuminate\\Pipeline\\Pipeline->Illuminate\\Pipeline\\{closure}(Object(Illuminate\\Http\\Request))
#47 /home/yasminebeautybar/public_html/vendor/laravel/framework/src/Illuminate/Foundation/Http/Middleware/TrimStrings.php(40): Illuminate\\Foundation\\Http\\Middleware\\TransformsRequest->handle(Object(Illuminate\\Http\\Request), Object(Closure))
#48 /home/yasminebeautybar/public_html/vendor/laravel/framework/src/Illuminate/Pipeline/Pipeline.php(167): Illuminate\\Foundation\\Http\\Middleware\\TrimStrings->handle(Object(Illuminate\\Http\\Request), Object(Closure))
#49 /home/yasminebeautybar/public_html/vendor/laravel/framework/src/Illuminate/Foundation/Http/Middleware/ValidatePostSize.php(27): Illuminate\\Pipeline\\Pipeline->Illuminate\\Pipeline\\{closure}(Object(Illuminate\\Http\\Request))
#50 /home/yasminebeautybar/public_html/vendor/laravel/framework/src/Illuminate/Pipeline/Pipeline.php(167): Illuminate\\Foundation\\Http\\Middleware\\ValidatePostSize->handle(Object(Illuminate\\Http\\Request), Object(Closure))
#51 /home/yasminebeautybar/public_html/vendor/laravel/framework/src/Illuminate/Pipeline/Pipeline.php(103): Illuminate\\Pipeline\\Pipeline->Illuminate\\Pipeline\\{closure}(Object(Illuminate\\Http\\Request))
#52 /home/yasminebeautybar/public_html/vendor/laravel/framework/src/Illuminate/Foundation/Http/Kernel.php(142): Illuminate\\Pipeline\\Pipeline->then(Object(Closure))
#53 /home/yasminebeautybar/public_html/vendor/laravel/framework/src/Illuminate/Foundation/Http/Kernel.php(111): Illuminate\\Foundation\\Http\\Kernel->sendRequestThroughRouter(Object(Illuminate\\Http\\Request))
#54 /home/yasminebeautybar/public_html/index.php(57): Illuminate\\Foundation\\Http\\Kernel->handle(Object(Illuminate\\Http\\Request))
#55 {main}

[previous exception] [object] (ErrorException(code: 0): Undefined variable $a at /home/yasminebeautybar/public_html/storage/framework/views/edadd6403c5ae69414426b7edb83b93e63890fd3.php:132)
[stacktrace]
#0 /home/yasminebeautybar/public_html/storage/framework/views/edadd6403c5ae69414426b7edb83b93e63890fd3.php(132): Illuminate\\Foundation\\Bootstrap\\HandleExceptions->handleError(2, 'Undefined varia...', '/home/yasminebe...', 132)
#1 /home/yasminebeautybar/public_html/vendor/laravel/framework/src/Illuminate/Filesystem/Filesystem.php(107): require('/home/yasminebe...')
#2 /home/yasminebeautybar/public_html/vendor/laravel/framework/src/Illuminate/Filesystem/Filesystem.php(108): Illuminate\\Filesystem\\Filesystem::Illuminate\\Filesystem\\{closure}()
#3 /home/yasminebeautybar/public_html/vendor/laravel/framework/src/Illuminate/View/Engines/PhpEngine.php(58): Illuminate\\Filesystem\\Filesystem->getRequire('/home/yasminebe...', Array)
#4 /home/yasminebeautybar/public_html/vendor/laravel/framework/src/Illuminate/View/Engines/CompilerEngine.php(61): Illuminate\\View\\Engines\\PhpEngine->evaluatePath('/home/yasminebe...', Array)
#5 /home/yasminebeautybar/public_html/vendor/facade/ignition/src/Views/Engines/CompilerEngine.php(37): Illuminate\\View\\Engines\\CompilerEngine->get('/home/yasminebe...', Array)
#6 /home/yasminebeautybar/public_html/vendor/laravel/framework/src/Illuminate/View/View.php(139): Facade\\Ignition\\Views\\Engines\\CompilerEngine->get('/home/yasminebe...', Array)
#7 /home/yasminebeautybar/public_html/vendor/laravel/framework/src/Illuminate/View/View.php(122): Illuminate\\View\\View->getContents()
#8 /home/yasminebeautybar/public_html/vendor/laravel/framework/src/Illuminate/View/View.php(91): Illuminate\\View\\View->renderContents()
#9 /home/yasminebeautybar/public_html/vendor/laravel/framework/src/Illuminate/Http/Response.php(69): Illuminate\\View\\View->render()
#10 /home/yasminebeautybar/public_html/vendor/laravel/framework/src/Illuminate/Http/Response.php(35): Illuminate\\Http\\Response->setContent(Object(Illuminate\\View\\View))
#11 /home/yasminebeautybar/public_html/vendor/laravel/framework/src/Illuminate/Routing/Router.php(820): Illuminate\\Http\\Response->__construct(Object(Illuminate\\View\\View), 200, Array)
#12 /home/yasminebeautybar/public_html/vendor/laravel/framework/src/Illuminate/Routing/Router.php(789): Illuminate\\Routing\\Router::toResponse(Object(Illuminate\\Http\\Request), Object(Illuminate\\View\\View))
#13 /home/yasminebeautybar/public_html/vendor/laravel/framework/src/Illuminate/Routing/Router.php(721): Illuminate\\Routing\\Router->prepareResponse(Object(Illuminate\\Http\\Request), Object(Illuminate\\View\\View))
#14 /home/yasminebeautybar/public_html/vendor/laravel/framework/src/Illuminate/Pipeline/Pipeline.php(128): Illuminate\\Routing\\Router->Illuminate\\Routing\\{closure}(Object(Illuminate\\Http\\Request))
#15 /home/yasminebeautybar/public_html/app/Http/Middleware/CheckForMaintenanceMode.php(58): Illuminate\\Pipeline\\Pipeline->Illuminate\\Pipeline\\{closure}(Object(Illuminate\\Http\\Request))
#16 /home/yasminebeautybar/public_html/vendor/laravel/framework/src/Illuminate/Pipeline/Pipeline.php(167): App\\Http\\Middleware\\CheckForMaintenanceMode->handle(Object(Illuminate\\Http\\Request), Object(Closure))
#17 /home/yasminebeautybar/public_html/app/Http/Middleware/HttpsProtocol.php(20): Illuminate\\Pipeline\\Pipeline->Illuminate\\Pipeline\\{closure}(Object(Illuminate\\Http\\Request))
#18 /home/yasminebeautybar/public_html/vendor/laravel/framework/src/Illuminate/Pipeline/Pipeline.php(167): App\\Http\\Middleware\\HttpsProtocol->handle(Object(Illuminate\\Http\\Request), Object(Closure))
#19 /home/yasminebeautybar/public_html/app/Http/Middleware/Language.php(31): Illuminate\\Pipeline\\Pipeline->Illuminate\\Pipeline\\{closure}(Object(Illuminate\\Http\\Request))
#20 /home/yasminebeautybar/public_html/vendor/laravel/framework/src/Illuminate/Pipeline/Pipeline.php(167): App\\Http\\Middleware\\Language->handle(Object(Illuminate\\Http\\Request), Object(Closure))
#21 /home/yasminebeautybar/public_html/vendor/laravel/framework/src/Illuminate/Routing/Middleware/SubstituteBindings.php(50): Illuminate\\Pipeline\\Pipeline->Illuminate\\Pipeline\\{closure}(Object(Illuminate\\Http\\Request))
#22 /home/yasminebeautybar/public_html/vendor/laravel/framework/src/Illuminate/Pipeline/Pipeline.php(167): Illuminate\\Routing\\Middleware\\SubstituteBindings->handle(Object(Illuminate\\Http\\Request), Object(Closure))
#23 /home/yasminebeautybar/public_html/vendor/laravel/framework/src/Illuminate/Foundation/Http/Middleware/VerifyCsrfToken.php(78): Illuminate\\Pipeline\\Pipeline->Illuminate\\Pipeline\\{closure}(Object(Illuminate\\Http\\Request))
#24 /home/yasminebeautybar/public_html/vendor/laravel/framework/src/Illuminate/Pipeline/Pipeline.php(167): Illuminate\\Foundation\\Http\\Middleware\\VerifyCsrfToken->handle(Object(Illuminate\\Http\\Request), Object(Closure))
#25 /home/yasminebeautybar/public_html/vendor/laravel/framework/src/Illuminate/View/Middleware/ShareErrorsFromSession.php(49): Illuminate\\Pipeline\\Pipeline->Illuminate\\Pipeline\\{closure}(Object(Illuminate\\Http\\Request))
#26 /home/yasminebeautybar/public_html/vendor/laravel/framework/src/Illuminate/Pipeline/Pipeline.php(167): Illuminate\\View\\Middleware\\ShareErrorsFromSession->handle(Object(Illuminate\\Http\\Request), Object(Closure))
#27 /home/yasminebeautybar/public_html/vendor/laravel/framework/src/Illuminate/Session/Middleware/StartSession.php(121): Illuminate\\Pipeline\\Pipeline->Illuminate\\Pipeline\\{closure}(Object(Illuminate\\Http\\Request))
#28 /home/yasminebeautybar/public_html/vendor/laravel/framework/src/Illuminate/Session/Middleware/StartSession.php(64): Illuminate\\Session\\Middleware\\StartSession->handleStatefulRequest(Object(Illuminate\\Http\\Request), Object(Illuminate\\Session\\Store), Object(Closure))
#29 /home/yasminebeautybar/public_html/vendor/laravel/framework/src/Illuminate/Pipeline/Pipeline.php(167): Illuminate\\Session\\Middleware\\StartSession->handle(Object(Illuminate\\Http\\Request), Object(Closure))
#30 /home/yasminebeautybar/public_html/vendor/laravel/framework/src/Illuminate/Cookie/Middleware/AddQueuedCookiesToResponse.php(37): Illuminate\\Pipeline\\Pipeline->Illuminate\\Pipeline\\{closure}(Object(Illuminate\\Http\\Request))
#31 /home/yasminebeautybar/public_html/vendor/laravel/framework/src/Illuminate/Pipeline/Pipeline.php(167): Illuminate\\Cookie\\Middleware\\AddQueuedCookiesToResponse->handle(Object(Illuminate\\Http\\Request), Object(Closure))
#32 /home/yasminebeautybar/public_html/vendor/laravel/framework/src/Illuminate/Pipeline/Pipeline.php(103): Illuminate\\Pipeline\\Pipeline->Illuminate\\Pipeline\\{closure}(Object(Illuminate\\Http\\Request))
#33 /home/yasminebeautybar/public_html/vendor/laravel/framework/src/Illuminate/Routing/Router.php(723): Illuminate\\Pipeline\\Pipeline->then(Object(Closure))
#34 /home/yasminebeautybar/public_html/vendor/laravel/framework/src/Illuminate/Routing/Router.php(698): Illuminate\\Routing\\Router->runRouteWithinStack(Object(Illuminate\\Routing\\Route), Object(Illuminate\\Http\\Request))
#35 /home/yasminebeautybar/public_html/vendor/laravel/framework/src/Illuminate/Routing/Router.php(662): Illuminate\\Routing\\Router->runRoute(Object(Illuminate\\Http\\Request), Object(Illuminate\\Routing\\Route))
#36 /home/yasminebeautybar/public_html/vendor/laravel/framework/src/Illuminate/Routing/Router.php(651): Illuminate\\Routing\\Router->dispatchToRoute(Object(Illuminate\\Http\\Request))
#37 /home/yasminebeautybar/public_html/vendor/laravel/framework/src/Illuminate/Foundation/Http/Kernel.php(167): Illuminate\\Routing\\Router->dispatch(Object(Illuminate\\Http\\Request))
#38 /home/yasminebeautybar/public_html/vendor/laravel/framework/src/Illuminate/Pipeline/Pipeline.php(128): Illuminate\\Foundation\\Http\\Kernel->Illuminate\\Foundation\\Http\\{closure}(Object(Illuminate\\Http\\Request))
#39 /home/yasminebeautybar/public_html/vendor/barryvdh/laravel-debugbar/src/Middleware/InjectDebugbar.php(59): Illuminate\\Pipeline\\Pipeline->Illuminate\\Pipeline\\{closure}(Object(Illuminate\\Http\\Request))
#40 /home/yasminebeautybar/public_html/vendor/laravel/framework/src/Illuminate/Pipeline/Pipeline.php(167): Barryvdh\\Debugbar\\Middleware\\InjectDebugbar->handle(Object(Illuminate\\Http\\Request), Object(Closure))
#41 /home/yasminebeautybar/public_html/vendor/fideloper/proxy/src/TrustProxies.php(57): Illuminate\\Pipeline\\Pipeline->Illuminate\\Pipeline\\{closure}(Object(Illuminate\\Http\\Request))
#42 /home/yasminebeautybar/public_html/vendor/laravel/framework/src/Illuminate/Pipeline/Pipeline.php(167): Fideloper\\Proxy\\TrustProxies->handle(Object(Illuminate\\Http\\Request), Object(Closure))
#43 /home/yasminebeautybar/public_html/vendor/laravel/framework/src/Illuminate/Foundation/Http/Middleware/TransformsRequest.php(21): Illuminate\\Pipeline\\Pipeline->Illuminate\\Pipeline\\{closure}(Object(Illuminate\\Http\\Request))
#44 /home/yasminebeautybar/public_html/vendor/laravel/framework/src/Illuminate/Foundation/Http/Middleware/ConvertEmptyStringsToNull.php(31): Illuminate\\Foundation\\Http\\Middleware\\TransformsRequest->handle(Object(Illuminate\\Http\\Request), Object(Closure))
#45 /home/yasminebeautybar/public_html/vendor/laravel/framework/src/Illuminate/Pipeline/Pipeline.php(167): Illuminate\\Foundation\\Http\\Middleware\\ConvertEmptyStringsToNull->handle(Object(Illuminate\\Http\\Request), Object(Closure))
#46 /home/yasminebeautybar/public_html/vendor/laravel/framework/src/Illuminate/Foundation/Http/Middleware/TransformsRequest.php(21): Illuminate\\Pipeline\\Pipeline->Illuminate\\Pipeline\\{closure}(Object(Illuminate\\Http\\Request))
#47 /home/yasminebeautybar/public_html/vendor/laravel/framework/src/Illuminate/Foundation/Http/Middleware/TrimStrings.php(40): Illuminate\\Foundation\\Http\\Middleware\\TransformsRequest->handle(Object(Illuminate\\Http\\Request), Object(Closure))
#48 /home/yasminebeautybar/public_html/vendor/laravel/framework/src/Illuminate/Pipeline/Pipeline.php(167): Illuminate\\Foundation\\Http\\Middleware\\TrimStrings->handle(Object(Illuminate\\Http\\Request), Object(Closure))
#49 /home/yasminebeautybar/public_html/vendor/laravel/framework/src/Illuminate/Foundation/Http/Middleware/ValidatePostSize.php(27): Illuminate\\Pipeline\\Pipeline->Illuminate\\Pipeline\\{closure}(Object(Illuminate\\Http\\Request))
#50 /home/yasminebeautybar/public_html/vendor/laravel/framework/src/Illuminate/Pipeline/Pipeline.php(167): Illuminate\\Foundation\\Http\\Middleware\\ValidatePostSize->handle(Object(Illuminate\\Http\\Request), Object(Closure))
#51 /home/yasminebeautybar/public_html/vendor/laravel/framework/src/Illuminate/Pipeline/Pipeline.php(103): Illuminate\\Pipeline\\Pipeline->Illuminate\\Pipeline\\{closure}(Object(Illuminate\\Http\\Request))
#52 /home/yasminebeautybar/public_html/vendor/laravel/framework/src/Illuminate/Foundation/Http/Kernel.php(142): Illuminate\\Pipeline\\Pipeline->then(Object(Closure))
#53 /home/yasminebeautybar/public_html/vendor/laravel/framework/src/Illuminate/Foundation/Http/Kernel.php(111): Illuminate\\Foundation\\Http\\Kernel->sendRequestThroughRouter(Object(Illuminate\\Http\\Request))
#54 /home/yasminebeautybar/public_html/index.php(57): Illuminate\\Foundation\\Http\\Kernel->handle(Object(Illuminate\\Http\\Request))
#55 {main}
"} 
